Using pre-set license
Built from '2020.3/staging' branch; Version is '2020.3.42f1 (7ade1201f527) revision 8052242'; Using compiler version '192528614'; Build Type 'Release'
OS: 'Windows 10  (10.0.19045) 64bit Enterprise' Language: 'vi' Physical Memory: 8132 MB
BatchMode: 1, IsHumanControllingUs: 0, StartBugReporterOnCrash: 0, Is64bit: 1, IsPro: 0

COMMAND LINE ARGUMENTS:
E:\UNG_DUNG\Unity\Unity 2020.3.42f1\Editor\Unity.exe
-adb2
-batchMode
-noUpm
-name
AssetImportWorker0
-projectPath
E:/THUC_TAP_SINH/CODE/StackMaker/StackMaker_NguyenVanSon
-logFile
Logs/AssetImportWorker0.log
-srvPort
51102
Successfully changed project path to: E:/THUC_TAP_SINH/CODE/StackMaker/StackMaker_NguyenVanSon
E:/THUC_TAP_SINH/CODE/StackMaker/StackMaker_NguyenVanSon
Using Asset Import Pipeline V2.
Refreshing native plugins compatible for Editor in 38.42 ms, found 2 plugins.
Preloading 0 native plugins for Editor in 0.00 ms.
Initialize engine version: 2020.3.42f1 (7ade1201f527)
[Subsystems] Discovering subsystems at path E:/UNG_DUNG/Unity/Unity 2020.3.42f1/Editor/Data/Resources/UnitySubsystems
[Subsystems] Discovering subsystems at path E:/THUC_TAP_SINH/CODE/StackMaker/StackMaker_NguyenVanSon/Assets
GfxDevice: creating device client; threaded=0
Direct3D:
    Version:  Direct3D 11.0 [level 11.1]
    Renderer: NVIDIA GeForce GT 1030 (ID=0x1d01)
    Vendor:   
    VRAM:     1982 MB
    Driver:   31.0.15.1694
Initialize mono
Mono path[0] = 'E:/UNG_DUNG/Unity/Unity 2020.3.42f1/Editor/Data/Managed'
Mono path[1] = 'E:/UNG_DUNG/Unity/Unity 2020.3.42f1/Editor/Data/MonoBleedingEdge/lib/mono/unityjit'
Mono config path = 'E:/UNG_DUNG/Unity/Unity 2020.3.42f1/Editor/Data/MonoBleedingEdge/etc'
Using monoOptions --debugger-agent=transport=dt_socket,embedding=1,server=y,suspend=n,address=127.0.0.1:56320
Begin MonoManager ReloadAssembly
Registering precompiled unity dll's ...
Register platform support module: E:/UNG_DUNG/Unity/Unity 2020.3.42f1/Editor/Data/PlaybackEngines/WindowsStandaloneSupport/UnityEditor.WindowsStandalone.Extensions.dll
Registered in 0.001106 seconds.
Native extension for WindowsStandalone target not found
Refreshing native plugins compatible for Editor in 36.01 ms, found 2 plugins.
Preloading 0 native plugins for Editor in 0.00 ms.
Mono: successfully reloaded assembly
- Completed reload, in  0.625 seconds
Domain Reload Profiling:
	ReloadAssembly (625ms)
		BeginReloadAssembly (66ms)
			ExecutionOrderSort (0ms)
			DisableScriptedObjects (0ms)
			BackupInstance (0ms)
			ReleaseScriptingObjects (0ms)
			CreateAndSetChildDomain (1ms)
		EndReloadAssembly (481ms)
			LoadAssemblies (65ms)
			RebuildTransferFunctionScriptingTraits (0ms)
			SetupTypeCache (167ms)
			ReleaseScriptCaches (0ms)
			RebuildScriptCaches (31ms)
			SetupLoadedEditorAssemblies (188ms)
				LogAssemblyErrors (0ms)
				InitializePlatformSupportModulesInManaged (4ms)
				SetLoadedEditorAssemblies (0ms)
				RefreshPlugins (36ms)
				BeforeProcessingInitializeOnLoad (15ms)
				ProcessInitializeOnLoadAttributes (86ms)
				ProcessInitializeOnLoadMethodAttributes (46ms)
				AfterProcessingInitializeOnLoad (0ms)
				EditorAssembliesLoaded (0ms)
			ExecutionOrderSort2 (0ms)
			AwakeInstancesAfterBackupRestoration (0ms)
Platform modules already initialized, skipping
Registering precompiled user dll's ...
Registered in 0.002093 seconds.
Begin MonoManager ReloadAssembly
Native extension for WindowsStandalone target not found
Refreshing native plugins compatible for Editor in 0.34 ms, found 2 plugins.
Preloading 0 native plugins for Editor in 0.00 ms.
Mono: successfully reloaded assembly
- Completed reload, in  1.651 seconds
Domain Reload Profiling:
	ReloadAssembly (1652ms)
		BeginReloadAssembly (147ms)
			ExecutionOrderSort (0ms)
			DisableScriptedObjects (5ms)
			BackupInstance (0ms)
			ReleaseScriptingObjects (0ms)
			CreateAndSetChildDomain (19ms)
		EndReloadAssembly (1449ms)
			LoadAssemblies (742ms)
			RebuildTransferFunctionScriptingTraits (0ms)
			SetupTypeCache (292ms)
			ReleaseScriptCaches (0ms)
			RebuildScriptCaches (42ms)
			SetupLoadedEditorAssemblies (290ms)
				LogAssemblyErrors (0ms)
				InitializePlatformSupportModulesInManaged (4ms)
				SetLoadedEditorAssemblies (0ms)
				RefreshPlugins (0ms)
				BeforeProcessingInitializeOnLoad (77ms)
				ProcessInitializeOnLoadAttributes (191ms)
				ProcessInitializeOnLoadMethodAttributes (14ms)
				AfterProcessingInitializeOnLoad (2ms)
				EditorAssembliesLoaded (0ms)
			ExecutionOrderSort2 (0ms)
			AwakeInstancesAfterBackupRestoration (2ms)
Platform modules already initialized, skipping
========================================================================
Worker process is ready to serve import requests
Launched and connected shader compiler UnityShaderCompiler.exe after 0.22 seconds
Refreshing native plugins compatible for Editor in 0.43 ms, found 2 plugins.
Preloading 0 native plugins for Editor in 0.00 ms.
Unloading 1490 Unused Serialized files (Serialized files now loaded: 0)
System memory in use before: 69.8 MB.
System memory in use after: 69.8 MB.

Unloading 17 unused Assets to reduce memory usage. Loaded Objects now: 1931.
Total: 2.525000 ms (FindLiveObjects: 0.128500 ms CreateObjectMapping: 0.053900 ms MarkObjects: 2.260200 ms  DeleteObjects: 0.081600 ms)

AssetImportParameters requested are different than current active one (requested -> active):
  custom:framework-win-MediaFoundation: 216162199b28c13a410421893ffa2e32 -> 
  custom:video-decoder-ogg-theora: a1e56fd34408186e4bbccfd4996cb3dc -> 
  custom:container-muxer-webm: aa71ff27fc2769a1b78a27578f13a17b -> 
  custom:container-demuxer-webm: 4f35f7cbe854078d1ac9338744f61a02 -> 
  custom:container-demuxer-ogg: 62fdf1f143b41e24485cea50d1cbac27 -> 
  custom:video-encoder-webm-vp8: eb34c28f22e8b96e1ab97ce403110664 -> 
  custom:video-decoder-webm-vp8: 9c59270c3fd7afecdb556c50c9e8de78 -> 
  custom:audio-decoder-ogg-vorbis: bf7c407c2cedff20999df2af8eb42d56 -> 
  custom:audio-encoder-webm-vorbis: bf7c407c2cedff20999df2af8eb42d56 -> 
========================================================================
Received Import Request.
  path: Assets/prefabs/Cube.prefab
  artifactKey: Guid(912c1e00497ffe44389fcb34afb300e8) Importer(815301076,1909f56bfc062723c751e8b465ee728b)
Start importing Assets/prefabs/Cube.prefab using Guid(912c1e00497ffe44389fcb34afb300e8) Importer(815301076,1909f56bfc062723c751e8b465ee728b)  -> (artifact id: '31368b498f97926997ce8422e900f1a1') in 0.210578 seconds 
========================================================================
Received Import Request.
  Time since last request: 115.983221 seconds.
  path: Assets/prefabs/di.prefab
  artifactKey: Guid(41c18c1fa516c4540ad6cf83d6cf7232) Importer(815301076,1909f56bfc062723c751e8b465ee728b)
Start importing Assets/prefabs/di.prefab using Guid(41c18c1fa516c4540ad6cf83d6cf7232) Importer(815301076,1909f56bfc062723c751e8b465ee728b)  -> (artifact id: 'bf2cc8a9c863bc3c2e8f5ce426792ecb') in 0.023667 seconds 
========================================================================
Received Import Request.
  Time since last request: 43.321578 seconds.
  path: Assets/prefabs/New Cubemap.cubemap
  artifactKey: Guid(20df0c0ead8a10b409ba6c067a747723) Importer(815301076,1909f56bfc062723c751e8b465ee728b)
Start importing Assets/prefabs/New Cubemap.cubemap using Guid(20df0c0ead8a10b409ba6c067a747723) Importer(815301076,1909f56bfc062723c751e8b465ee728b)  -> (artifact id: '2f7a6d456fc9e901b1bbbc22ea1e27a8') in 0.035891 seconds 
========================================================================
Received Import Request.
  Time since last request: 1385.248908 seconds.
  path: Assets/GAME/Material/New Material.mat
  artifactKey: Guid(d9e0b80b587f5194aaf94890d51a9491) Importer(815301076,1909f56bfc062723c751e8b465ee728b)
Start importing Assets/GAME/Material/New Material.mat using Guid(d9e0b80b587f5194aaf94890d51a9491) Importer(815301076,1909f56bfc062723c751e8b465ee728b)  -> (artifact id: 'a2dac1b2bf5d96c0362777d340e1233f') in 0.065811 seconds 
========================================================================
Received Import Request.
  Time since last request: 90.088171 seconds.
  path: Assets/prefabs/Line.prefab
  artifactKey: Guid(9421ce5ee0e62de45af7ab972f8aeefd) Importer(815301076,1909f56bfc062723c751e8b465ee728b)
Start importing Assets/prefabs/Line.prefab using Guid(9421ce5ee0e62de45af7ab972f8aeefd) Importer(815301076,1909f56bfc062723c751e8b465ee728b)  -> (artifact id: '4b71f5ff88c90fca7945ac55559467e8') in 0.017983 seconds 
========================================================================
Received Import Request.
  Time since last request: 351.936797 seconds.
  path: Assets/GAME/Material/New Material 1.mat
  artifactKey: Guid(f2be6bbc67595394694a6720f42446a0) Importer(815301076,1909f56bfc062723c751e8b465ee728b)
Start importing Assets/GAME/Material/New Material 1.mat using Guid(f2be6bbc67595394694a6720f42446a0) Importer(815301076,1909f56bfc062723c751e8b465ee728b)  -> (artifact id: '0f4fdd76fbddc7c37bc1190d560c3333') in 0.026613 seconds 
========================================================================
Received Import Request.
  Time since last request: 1391.428297 seconds.
  path: Assets/GAME/Resources/Prefab/Pivote_Unbrick.prefab
  artifactKey: Guid(50c7535320f786d4286d60ca5630d31b) Importer(815301076,1909f56bfc062723c751e8b465ee728b)
Start importing Assets/GAME/Resources/Prefab/Pivote_Unbrick.prefab using Guid(50c7535320f786d4286d60ca5630d31b) Importer(815301076,1909f56bfc062723c751e8b465ee728b)  -> (artifact id: 'a4a18b73d2b0c1b943d5e78aac911039') in 0.056026 seconds 
========================================================================
Received Import Request.
  Time since last request: 210.103862 seconds.
  path: Assets/GAME/Resources/Prefab/Pivote_Brick.prefab
  artifactKey: Guid(f206ccc114e101b4dafffd4915d4a812) Importer(815301076,1909f56bfc062723c751e8b465ee728b)
Start importing Assets/GAME/Resources/Prefab/Pivote_Brick.prefab using Guid(f206ccc114e101b4dafffd4915d4a812) Importer(815301076,1909f56bfc062723c751e8b465ee728b)  -> (artifact id: '3b6f024d9593cda8f899d189a9917f5b') in 0.012522 seconds 
========================================================================
Received Prepare
Registering precompiled user dll's ...
Registered in 0.002386 seconds.
Begin MonoManager ReloadAssembly
Native extension for WindowsStandalone target not found
Refreshing native plugins compatible for Editor in 0.37 ms, found 2 plugins.
Preloading 0 native plugins for Editor in 0.00 ms.
Mono: successfully reloaded assembly
- Completed reload, in  1.013 seconds
Domain Reload Profiling:
	ReloadAssembly (1014ms)
		BeginReloadAssembly (186ms)
			ExecutionOrderSort (0ms)
			DisableScriptedObjects (10ms)
			BackupInstance (0ms)
			ReleaseScriptingObjects (0ms)
			CreateAndSetChildDomain (77ms)
		EndReloadAssembly (766ms)
			LoadAssemblies (106ms)
			RebuildTransferFunctionScriptingTraits (0ms)
			SetupTypeCache (283ms)
			ReleaseScriptCaches (1ms)
			RebuildScriptCaches (38ms)
			SetupLoadedEditorAssemblies (275ms)
				LogAssemblyErrors (0ms)
				InitializePlatformSupportModulesInManaged (4ms)
				SetLoadedEditorAssemblies (1ms)
				RefreshPlugins (0ms)
				BeforeProcessingInitializeOnLoad (72ms)
				ProcessInitializeOnLoadAttributes (180ms)
				ProcessInitializeOnLoadMethodAttributes (15ms)
				AfterProcessingInitializeOnLoad (2ms)
				EditorAssembliesLoaded (0ms)
			ExecutionOrderSort2 (0ms)
			AwakeInstancesAfterBackupRestoration (2ms)
Platform modules already initialized, skipping
Refreshing native plugins compatible for Editor in 0.38 ms, found 2 plugins.
Preloading 0 native plugins for Editor in 0.00 ms.
Unloading 1485 Unused Serialized files (Serialized files now loaded: 0)
System memory in use before: 73.1 MB.
System memory in use after: 73.2 MB.

Unloading 13 unused Assets to reduce memory usage. Loaded Objects now: 1978.
Total: 2.696700 ms (FindLiveObjects: 0.216500 ms CreateObjectMapping: 0.090300 ms MarkObjects: 2.326500 ms  DeleteObjects: 0.062600 ms)

AssetImportParameters requested are different than current active one (requested -> active):
  custom:framework-win-MediaFoundation: 216162199b28c13a410421893ffa2e32 -> 
  custom:video-decoder-ogg-theora: a1e56fd34408186e4bbccfd4996cb3dc -> 
  custom:container-muxer-webm: aa71ff27fc2769a1b78a27578f13a17b -> 
  custom:container-demuxer-webm: 4f35f7cbe854078d1ac9338744f61a02 -> 
  custom:container-demuxer-ogg: 62fdf1f143b41e24485cea50d1cbac27 -> 
  custom:video-encoder-webm-vp8: eb34c28f22e8b96e1ab97ce403110664 -> 
  custom:video-decoder-webm-vp8: 9c59270c3fd7afecdb556c50c9e8de78 -> 
  custom:audio-decoder-ogg-vorbis: bf7c407c2cedff20999df2af8eb42d56 -> 
  custom:audio-encoder-webm-vorbis: bf7c407c2cedff20999df2af8eb42d56 -> 
========================================================================
Received Import Request.
  Time since last request: 1321.327291 seconds.
  path: Assets/GAME/Resources/Prefab/Line.prefab
  artifactKey: Guid(2b1b6fa84e1873741b6c2efda43c58ef) Importer(815301076,1909f56bfc062723c751e8b465ee728b)
Start importing Assets/GAME/Resources/Prefab/Line.prefab using Guid(2b1b6fa84e1873741b6c2efda43c58ef) Importer(815301076,1909f56bfc062723c751e8b465ee728b)  -> (artifact id: 'de2fef8a7a0f64085401efd44c2ed95a') in 0.063819 seconds 
========================================================================
Received Import Request.
  Time since last request: 10.161311 seconds.
  path: Assets/GAME/Resources/Prefab/Line.prefab
  artifactKey: Guid(2b1b6fa84e1873741b6c2efda43c58ef) Importer(815301076,1909f56bfc062723c751e8b465ee728b)
Start importing Assets/GAME/Resources/Prefab/Line.prefab using Guid(2b1b6fa84e1873741b6c2efda43c58ef) Importer(815301076,1909f56bfc062723c751e8b465ee728b)  -> (artifact id: '918ee9c24f7008c0f5bd9f6374e0fc38') in 0.008352 seconds 
========================================================================
Received Prepare
Registering precompiled user dll's ...
Registered in 0.001957 seconds.
Begin MonoManager ReloadAssembly
Native extension for WindowsStandalone target not found
Refreshing native plugins compatible for Editor in 0.43 ms, found 2 plugins.
Preloading 0 native plugins for Editor in 0.00 ms.
Mono: successfully reloaded assembly
- Completed reload, in  0.997 seconds
Domain Reload Profiling:
	ReloadAssembly (998ms)
		BeginReloadAssembly (151ms)
			ExecutionOrderSort (0ms)
			DisableScriptedObjects (4ms)
			BackupInstance (0ms)
			ReleaseScriptingObjects (0ms)
			CreateAndSetChildDomain (49ms)
		EndReloadAssembly (771ms)
			LoadAssemblies (108ms)
			RebuildTransferFunctionScriptingTraits (0ms)
			SetupTypeCache (266ms)
			ReleaseScriptCaches (1ms)
			RebuildScriptCaches (39ms)
			SetupLoadedEditorAssemblies (284ms)
				LogAssemblyErrors (0ms)
				InitializePlatformSupportModulesInManaged (4ms)
				SetLoadedEditorAssemblies (1ms)
				RefreshPlugins (0ms)
				BeforeProcessingInitializeOnLoad (72ms)
				ProcessInitializeOnLoadAttributes (182ms)
				ProcessInitializeOnLoadMethodAttributes (19ms)
				AfterProcessingInitializeOnLoad (5ms)
				EditorAssembliesLoaded (1ms)
			ExecutionOrderSort2 (0ms)
			AwakeInstancesAfterBackupRestoration (3ms)
Platform modules already initialized, skipping
Refreshing native plugins compatible for Editor in 0.35 ms, found 2 plugins.
Preloading 0 native plugins for Editor in 0.00 ms.
Unloading 1485 Unused Serialized files (Serialized files now loaded: 0)
System memory in use before: 73.1 MB.
System memory in use after: 73.2 MB.

Unloading 12 unused Assets to reduce memory usage. Loaded Objects now: 1982.
Total: 2.479700 ms (FindLiveObjects: 0.152500 ms CreateObjectMapping: 0.050800 ms MarkObjects: 2.225800 ms  DeleteObjects: 0.049900 ms)

AssetImportParameters requested are different than current active one (requested -> active):
  custom:framework-win-MediaFoundation: 216162199b28c13a410421893ffa2e32 -> 
  custom:video-decoder-ogg-theora: a1e56fd34408186e4bbccfd4996cb3dc -> 
  custom:container-muxer-webm: aa71ff27fc2769a1b78a27578f13a17b -> 
  custom:container-demuxer-webm: 4f35f7cbe854078d1ac9338744f61a02 -> 
  custom:container-demuxer-ogg: 62fdf1f143b41e24485cea50d1cbac27 -> 
  custom:video-encoder-webm-vp8: eb34c28f22e8b96e1ab97ce403110664 -> 
  custom:video-decoder-webm-vp8: 9c59270c3fd7afecdb556c50c9e8de78 -> 
  custom:audio-decoder-ogg-vorbis: bf7c407c2cedff20999df2af8eb42d56 -> 
  custom:audio-encoder-webm-vorbis: bf7c407c2cedff20999df2af8eb42d56 -> 
========================================================================
Received Import Request.
  Time since last request: 71.850164 seconds.
  path: Assets/GAME/Resources/Prefab/Pivote_Unbrick.prefab
  artifactKey: Guid(50c7535320f786d4286d60ca5630d31b) Importer(815301076,1909f56bfc062723c751e8b465ee728b)
Start importing Assets/GAME/Resources/Prefab/Pivote_Unbrick.prefab using Guid(50c7535320f786d4286d60ca5630d31b) Importer(815301076,1909f56bfc062723c751e8b465ee728b)  -> (artifact id: 'e5440aaf02345f77e60e1a3df728867d') in 0.051399 seconds 
========================================================================
Received Import Request.
  Time since last request: 0.000731 seconds.
  path: Assets/GAME/Resources/Prefab/White.prefab
  artifactKey: Guid(d755cee1094bb6a48ab2a168d33fd112) Importer(815301076,1909f56bfc062723c751e8b465ee728b)
Start importing Assets/GAME/Resources/Prefab/White.prefab using Guid(d755cee1094bb6a48ab2a168d33fd112) Importer(815301076,1909f56bfc062723c751e8b465ee728b)  -> (artifact id: 'eef7062e40f6e51461020ec9e12c911b') in 0.030473 seconds 
========================================================================
Received Import Request.
  Time since last request: 0.000288 seconds.
  path: Assets/GAME/Resources/Prefab/Pivote_Brick.prefab
  artifactKey: Guid(f206ccc114e101b4dafffd4915d4a812) Importer(815301076,1909f56bfc062723c751e8b465ee728b)
Start importing Assets/GAME/Resources/Prefab/Pivote_Brick.prefab using Guid(f206ccc114e101b4dafffd4915d4a812) Importer(815301076,1909f56bfc062723c751e8b465ee728b)  -> (artifact id: '85b85b0f80888f2778110a2213f75ce0') in 0.014636 seconds 
========================================================================
Received Import Request.
  Time since last request: 0.000239 seconds.
  path: Assets/GAME/Resources/Prefab/Line.prefab
  artifactKey: Guid(2b1b6fa84e1873741b6c2efda43c58ef) Importer(815301076,1909f56bfc062723c751e8b465ee728b)
Start importing Assets/GAME/Resources/Prefab/Line.prefab using Guid(2b1b6fa84e1873741b6c2efda43c58ef) Importer(815301076,1909f56bfc062723c751e8b465ee728b)  -> (artifact id: 'f2261f6133c2a8d4b4582319692bce4c') in 0.013646 seconds 
========================================================================
Received Import Request.
  Time since last request: 0.000352 seconds.
  path: Assets/GAME/Resources/Prefab/Pivote_Wall.prefab
  artifactKey: Guid(680fafd85c16f024192891099b1460ee) Importer(815301076,1909f56bfc062723c751e8b465ee728b)
Start importing Assets/GAME/Resources/Prefab/Pivote_Wall.prefab using Guid(680fafd85c16f024192891099b1460ee) Importer(815301076,1909f56bfc062723c751e8b465ee728b)  -> (artifact id: 'dd4553ad7aabe70a0d01670e06652373') in 0.033577 seconds 
========================================================================
Received Import Request.
  Time since last request: 0.000158 seconds.
  path: Assets/GAME/Resources/Prefab/winpos.prefab
  artifactKey: Guid(bec8fbf23e70b4f42b574dddd6681a4c) Importer(815301076,1909f56bfc062723c751e8b465ee728b)
Start importing Assets/GAME/Resources/Prefab/winpos.prefab using Guid(bec8fbf23e70b4f42b574dddd6681a4c) Importer(815301076,1909f56bfc062723c751e8b465ee728b)  -> (artifact id: '7255f9010573554973d8e8005e9d2996') in 0.118860 seconds 
========================================================================
Received Import Request.
  Time since last request: 99.693101 seconds.
  path: Assets/GAME/Material/Model Material.mat
  artifactKey: Guid(565e18f4e9a084d44a420929707895b9) Importer(815301076,1909f56bfc062723c751e8b465ee728b)
Start importing Assets/GAME/Material/Model Material.mat using Guid(565e18f4e9a084d44a420929707895b9) Importer(815301076,1909f56bfc062723c751e8b465ee728b)  -> (artifact id: '93fd0bd56fe7ce082fc2e6a444d99ebc') in 0.022006 seconds 
========================================================================
Received Import Request.
  Time since last request: 0.000253 seconds.
  path: Assets/GAME/Material/New Material 1.mat
  artifactKey: Guid(f2be6bbc67595394694a6720f42446a0) Importer(815301076,1909f56bfc062723c751e8b465ee728b)
Start importing Assets/GAME/Material/New Material 1.mat using Guid(f2be6bbc67595394694a6720f42446a0) Importer(815301076,1909f56bfc062723c751e8b465ee728b)  -> (artifact id: 'ee7d4258ccb23e824a16ec5c3ba240b2') in 0.011726 seconds 
========================================================================
Received Import Request.
  Time since last request: 0.000068 seconds.
  path: Assets/GAME/Material/New Material.mat
  artifactKey: Guid(d9e0b80b587f5194aaf94890d51a9491) Importer(815301076,1909f56bfc062723c751e8b465ee728b)
Start importing Assets/GAME/Material/New Material.mat using Guid(d9e0b80b587f5194aaf94890d51a9491) Importer(815301076,1909f56bfc062723c751e8b465ee728b)  -> (artifact id: '820a0539dbce0c09199197e1d5fc335a') in 0.014626 seconds 
========================================================================
Received Import Request.
  Time since last request: 0.000261 seconds.
  path: Assets/GAME/Material/Zhangai Material.mat
  artifactKey: Guid(6007c1c332562174ea4ac7d4b4d129ed) Importer(815301076,1909f56bfc062723c751e8b465ee728b)
Start importing Assets/GAME/Material/Zhangai Material.mat using Guid(6007c1c332562174ea4ac7d4b4d129ed) Importer(815301076,1909f56bfc062723c751e8b465ee728b)  -> (artifact id: '3fd07f092a58e44d4b6c0e2ff9cd53c9') in 0.010802 seconds 
========================================================================
Received Prepare
Registering precompiled user dll's ...
Registered in 0.002429 seconds.
Begin MonoManager ReloadAssembly
Native extension for WindowsStandalone target not found
Refreshing native plugins compatible for Editor in 0.34 ms, found 2 plugins.
Preloading 0 native plugins for Editor in 0.00 ms.
Mono: successfully reloaded assembly
- Completed reload, in  0.909 seconds
Domain Reload Profiling:
	ReloadAssembly (910ms)
		BeginReloadAssembly (117ms)
			ExecutionOrderSort (0ms)
			DisableScriptedObjects (4ms)
			BackupInstance (0ms)
			ReleaseScriptingObjects (0ms)
			CreateAndSetChildDomain (34ms)
		EndReloadAssembly (734ms)
			LoadAssemblies (89ms)
			RebuildTransferFunctionScriptingTraits (0ms)
			SetupTypeCache (264ms)
			ReleaseScriptCaches (1ms)
			RebuildScriptCaches (38ms)
			SetupLoadedEditorAssemblies (266ms)
				LogAssemblyErrors (0ms)
				InitializePlatformSupportModulesInManaged (5ms)
				SetLoadedEditorAssemblies (1ms)
				RefreshPlugins (0ms)
				BeforeProcessingInitializeOnLoad (70ms)
				ProcessInitializeOnLoadAttributes (174ms)
				ProcessInitializeOnLoadMethodAttributes (14ms)
				AfterProcessingInitializeOnLoad (3ms)
				EditorAssembliesLoaded (0ms)
			ExecutionOrderSort2 (0ms)
			AwakeInstancesAfterBackupRestoration (2ms)
Platform modules already initialized, skipping
Refreshing native plugins compatible for Editor in 0.34 ms, found 2 plugins.
Preloading 0 native plugins for Editor in 0.00 ms.
Unloading 1485 Unused Serialized files (Serialized files now loaded: 0)
System memory in use before: 73.3 MB.
System memory in use after: 73.4 MB.

Unloading 14 unused Assets to reduce memory usage. Loaded Objects now: 1987.
Total: 2.522100 ms (FindLiveObjects: 0.119100 ms CreateObjectMapping: 0.043300 ms MarkObjects: 2.269500 ms  DeleteObjects: 0.089400 ms)

AssetImportParameters requested are different than current active one (requested -> active):
  custom:framework-win-MediaFoundation: 216162199b28c13a410421893ffa2e32 -> 
  custom:video-decoder-ogg-theora: a1e56fd34408186e4bbccfd4996cb3dc -> 
  custom:container-muxer-webm: aa71ff27fc2769a1b78a27578f13a17b -> 
  custom:container-demuxer-webm: 4f35f7cbe854078d1ac9338744f61a02 -> 
  custom:container-demuxer-ogg: 62fdf1f143b41e24485cea50d1cbac27 -> 
  custom:video-encoder-webm-vp8: eb34c28f22e8b96e1ab97ce403110664 -> 
  custom:video-decoder-webm-vp8: 9c59270c3fd7afecdb556c50c9e8de78 -> 
  custom:audio-decoder-ogg-vorbis: bf7c407c2cedff20999df2af8eb42d56 -> 
  custom:audio-encoder-webm-vorbis: bf7c407c2cedff20999df2af8eb42d56 -> 
========================================================================
Received Import Request.
  Time since last request: 126.978960 seconds.
  path: Assets/GAME/Resources/Prefab/Pivote_Unbrick.prefab
  artifactKey: Guid(50c7535320f786d4286d60ca5630d31b) Importer(815301076,1909f56bfc062723c751e8b465ee728b)
Start importing Assets/GAME/Resources/Prefab/Pivote_Unbrick.prefab using Guid(50c7535320f786d4286d60ca5630d31b) Importer(815301076,1909f56bfc062723c751e8b465ee728b)  -> (artifact id: 'd3d724ec61f8429e2f88d7ca2447b145') in 0.064648 seconds 
========================================================================
Received Import Request.
  Time since last request: 9.288970 seconds.
  path: Assets/GAME/Resources/Prefab/Pivote_Brick.prefab
  artifactKey: Guid(f206ccc114e101b4dafffd4915d4a812) Importer(815301076,1909f56bfc062723c751e8b465ee728b)
Start importing Assets/GAME/Resources/Prefab/Pivote_Brick.prefab using Guid(f206ccc114e101b4dafffd4915d4a812) Importer(815301076,1909f56bfc062723c751e8b465ee728b)  -> (artifact id: 'eeca3e1707d2473aaa13dda18b9b0410') in 0.011265 seconds 
========================================================================
Received Prepare
Registering precompiled user dll's ...
Registered in 0.002425 seconds.
Begin MonoManager ReloadAssembly
Native extension for WindowsStandalone target not found
Refreshing native plugins compatible for Editor in 0.35 ms, found 2 plugins.
Preloading 0 native plugins for Editor in 0.00 ms.
Mono: successfully reloaded assembly
- Completed reload, in  0.922 seconds
Domain Reload Profiling:
	ReloadAssembly (923ms)
		BeginReloadAssembly (111ms)
			ExecutionOrderSort (0ms)
			DisableScriptedObjects (4ms)
			BackupInstance (0ms)
			ReleaseScriptingObjects (0ms)
			CreateAndSetChildDomain (33ms)
		EndReloadAssembly (751ms)
			LoadAssemblies (93ms)
			RebuildTransferFunctionScriptingTraits (0ms)
			SetupTypeCache (269ms)
			ReleaseScriptCaches (1ms)
			RebuildScriptCaches (38ms)
			SetupLoadedEditorAssemblies (273ms)
				LogAssemblyErrors (0ms)
				InitializePlatformSupportModulesInManaged (4ms)
				SetLoadedEditorAssemblies (0ms)
				RefreshPlugins (0ms)
				BeforeProcessingInitializeOnLoad (71ms)
				ProcessInitializeOnLoadAttributes (182ms)
				ProcessInitializeOnLoadMethodAttributes (14ms)
				AfterProcessingInitializeOnLoad (2ms)
				EditorAssembliesLoaded (0ms)
			ExecutionOrderSort2 (0ms)
			AwakeInstancesAfterBackupRestoration (2ms)
Platform modules already initialized, skipping
Refreshing native plugins compatible for Editor in 0.38 ms, found 2 plugins.
Preloading 0 native plugins for Editor in 0.00 ms.
Unloading 1485 Unused Serialized files (Serialized files now loaded: 0)
System memory in use before: 73.3 MB.
System memory in use after: 73.4 MB.

Unloading 12 unused Assets to reduce memory usage. Loaded Objects now: 1991.
Total: 2.510400 ms (FindLiveObjects: 0.122700 ms CreateObjectMapping: 0.044500 ms MarkObjects: 2.286400 ms  DeleteObjects: 0.056200 ms)

AssetImportParameters requested are different than current active one (requested -> active):
  custom:framework-win-MediaFoundation: 216162199b28c13a410421893ffa2e32 -> 
  custom:video-decoder-ogg-theora: a1e56fd34408186e4bbccfd4996cb3dc -> 
  custom:container-muxer-webm: aa71ff27fc2769a1b78a27578f13a17b -> 
  custom:container-demuxer-webm: 4f35f7cbe854078d1ac9338744f61a02 -> 
  custom:container-demuxer-ogg: 62fdf1f143b41e24485cea50d1cbac27 -> 
  custom:video-encoder-webm-vp8: eb34c28f22e8b96e1ab97ce403110664 -> 
  custom:video-decoder-webm-vp8: 9c59270c3fd7afecdb556c50c9e8de78 -> 
  custom:audio-decoder-ogg-vorbis: bf7c407c2cedff20999df2af8eb42d56 -> 
  custom:audio-encoder-webm-vorbis: bf7c407c2cedff20999df2af8eb42d56 -> 
========================================================================
Received Import Request.
  Time since last request: 451.339412 seconds.
  path: Assets/prefabs/Destination.prefab
  artifactKey: Guid(9fc94b75a61e1824799c013ed2fcf465) Importer(815301076,1909f56bfc062723c751e8b465ee728b)
Start importing Assets/prefabs/Destination.prefab using Guid(9fc94b75a61e1824799c013ed2fcf465) Importer(815301076,1909f56bfc062723c751e8b465ee728b)  -> (artifact id: '7309d41f6d5ce1840d5590b6d41f7678') in 0.107605 seconds 
========================================================================
Received Import Request.
  Time since last request: 0.000265 seconds.
  path: Assets/prefabs/Line.prefab
  artifactKey: Guid(9421ce5ee0e62de45af7ab972f8aeefd) Importer(815301076,1909f56bfc062723c751e8b465ee728b)
Start importing Assets/prefabs/Line.prefab using Guid(9421ce5ee0e62de45af7ab972f8aeefd) Importer(815301076,1909f56bfc062723c751e8b465ee728b)  -> (artifact id: '4ebd5672089c0d85bc0c221d92a30dc6') in 0.014017 seconds 
========================================================================
Received Import Request.
  Time since last request: 0.000284 seconds.
  path: Assets/prefabs/di.prefab
  artifactKey: Guid(41c18c1fa516c4540ad6cf83d6cf7232) Importer(815301076,1909f56bfc062723c751e8b465ee728b)
Start importing Assets/prefabs/di.prefab using Guid(41c18c1fa516c4540ad6cf83d6cf7232) Importer(815301076,1909f56bfc062723c751e8b465ee728b)  -> (artifact id: '4c39d7845cfa424e933f19730de64c05') in 0.016030 seconds 
========================================================================
Received Import Request.
  Time since last request: 78.259404 seconds.
  path: Assets/prefabs/Caro.prefab
  artifactKey: Guid(feb8c9a726a6eb74fb22dbd1ffa36c93) Importer(815301076,1909f56bfc062723c751e8b465ee728b)
Start importing Assets/prefabs/Caro.prefab using Guid(feb8c9a726a6eb74fb22dbd1ffa36c93) Importer(815301076,1909f56bfc062723c751e8b465ee728b)  -> (artifact id: '4bef8d27220515845fff80ebe75b4ec3') in 0.012646 seconds 
========================================================================
Received Import Request.
  Time since last request: 0.000220 seconds.
  path: Assets/prefabs/DefaultBrick.prefab
  artifactKey: Guid(77e87e86f5cecc94ea84cd7038cfffc4) Importer(815301076,1909f56bfc062723c751e8b465ee728b)
Start importing Assets/prefabs/DefaultBrick.prefab using Guid(77e87e86f5cecc94ea84cd7038cfffc4) Importer(815301076,1909f56bfc062723c751e8b465ee728b)  -> (artifact id: 'f37305f5eebd205c4532999fe4fc4b10') in 0.012214 seconds 
========================================================================
Received Import Request.
  Time since last request: 0.000290 seconds.
  path: Assets/prefabs/FinishZoneBox.prefab
  artifactKey: Guid(32a83bddaaa9dd0459afc314678c2f03) Importer(815301076,1909f56bfc062723c751e8b465ee728b)
Start importing Assets/prefabs/FinishZoneBox.prefab using Guid(32a83bddaaa9dd0459afc314678c2f03) Importer(815301076,1909f56bfc062723c751e8b465ee728b)  -> (artifact id: 'ff4dbff86ffed6009b1fd9b157befa8a') in 0.014369 seconds 
========================================================================
Received Import Request.
  Time since last request: 0.000214 seconds.
  path: Assets/prefabs/Push.prefab
  artifactKey: Guid(905b81002ecd9e444a320690c0a9bfba) Importer(815301076,1909f56bfc062723c751e8b465ee728b)
Start importing Assets/prefabs/Push.prefab using Guid(905b81002ecd9e444a320690c0a9bfba) Importer(815301076,1909f56bfc062723c751e8b465ee728b)  -> (artifact id: '20b8ed5f5bb31820b4935741ba1c41b3') in 0.059726 seconds 
========================================================================
Received Import Request.
  Time since last request: 0.000197 seconds.
  path: Assets/prefabs/Manager.prefab
  artifactKey: Guid(96b75e758a4c6dd4dab062d2e6002995) Importer(815301076,1909f56bfc062723c751e8b465ee728b)
Start importing Assets/prefabs/Manager.prefab using Guid(96b75e758a4c6dd4dab062d2e6002995) Importer(815301076,1909f56bfc062723c751e8b465ee728b)  -> (artifact id: '48c3835ec944a5bd9366cccd682ae851') in 0.028285 seconds 
========================================================================
Received Import Request.
  Time since last request: 0.000206 seconds.
  path: Assets/prefabs/Destination.prefab
  artifactKey: Guid(9fc94b75a61e1824799c013ed2fcf465) Importer(815301076,1909f56bfc062723c751e8b465ee728b)
Start importing Assets/prefabs/Destination.prefab using Guid(9fc94b75a61e1824799c013ed2fcf465) Importer(815301076,1909f56bfc062723c751e8b465ee728b)  -> (artifact id: '1c142edbf9b2ac7067f5e1329ca5bda4') in 0.100930 seconds 
========================================================================
Received Import Request.
  Time since last request: 0.000450 seconds.
  path: Assets/prefabs/PositiveBrick.prefab
  artifactKey: Guid(0fb4c438a0b079647b3a1521dc7ab786) Importer(815301076,1909f56bfc062723c751e8b465ee728b)
Start importing Assets/prefabs/PositiveBrick.prefab using Guid(0fb4c438a0b079647b3a1521dc7ab786) Importer(815301076,1909f56bfc062723c751e8b465ee728b)  -> (artifact id: '9e98693829a4d79e41490950bb80753c') in 0.021425 seconds 
========================================================================
Received Import Request.
  Time since last request: 0.000237 seconds.
  path: Assets/prefabs/People.prefab
  artifactKey: Guid(25467984e6d16f1479698e3a9212a8b8) Importer(815301076,1909f56bfc062723c751e8b465ee728b)
Start importing Assets/prefabs/People.prefab using Guid(25467984e6d16f1479698e3a9212a8b8) Importer(815301076,1909f56bfc062723c751e8b465ee728b)  -> (artifact id: 'bba17f5e106850172240238ef48899df') in 0.323483 seconds 
========================================================================
Received Import Request.
  Time since last request: 0.000588 seconds.
  path: Assets/prefabs/NegativeBrick.prefab
  artifactKey: Guid(aad5787fc9d34d447bc6b312b8e6320c) Importer(815301076,1909f56bfc062723c751e8b465ee728b)
Start importing Assets/prefabs/NegativeBrick.prefab using Guid(aad5787fc9d34d447bc6b312b8e6320c) Importer(815301076,1909f56bfc062723c751e8b465ee728b)  -> (artifact id: '0fc66a75cdff0c7cfd417e16d141e09b') in 0.021774 seconds 
========================================================================
Received Import Request.
  Time since last request: 0.000305 seconds.
  path: Assets/prefabs/ChestOpen.prefab
  artifactKey: Guid(9aaecd07fe6ed474b94b842fee1be20f) Importer(815301076,1909f56bfc062723c751e8b465ee728b)
Start importing Assets/prefabs/ChestOpen.prefab using Guid(9aaecd07fe6ed474b94b842fee1be20f) Importer(815301076,1909f56bfc062723c751e8b465ee728b)  -> (artifact id: '4b32d73efe2ffec38cad65c7756ddaf5') in 0.034959 seconds 
========================================================================
Received Import Request.
  Time since last request: 0.000286 seconds.
  path: Assets/prefabs/Player.prefab
  artifactKey: Guid(1b068a70821eecd4981c3b47c9370dad) Importer(815301076,1909f56bfc062723c751e8b465ee728b)
Start importing Assets/prefabs/Player.prefab using Guid(1b068a70821eecd4981c3b47c9370dad) Importer(815301076,1909f56bfc062723c751e8b465ee728b)  -> (artifact id: '591422cf3fb53d93cd340cb2506d14e8') in 0.040681 seconds 
========================================================================
Received Import Request.
  Time since last request: 0.000301 seconds.
  path: Assets/prefabs/DefaultBox.prefab
  artifactKey: Guid(8550cf51841dfd040919925400890e0d) Importer(815301076,1909f56bfc062723c751e8b465ee728b)
Start importing Assets/prefabs/DefaultBox.prefab using Guid(8550cf51841dfd040919925400890e0d) Importer(815301076,1909f56bfc062723c751e8b465ee728b)  -> (artifact id: '7d06106e45b892bf0b1bc291bb6efeea') in 0.015088 seconds 
========================================================================
Received Import Request.
  Time since last request: 0.000249 seconds.
  path: Assets/prefabs/ChestClose.prefab
  artifactKey: Guid(1b242229a9186f4408c85026c7db54a8) Importer(815301076,1909f56bfc062723c751e8b465ee728b)
Start importing Assets/prefabs/ChestClose.prefab using Guid(1b242229a9186f4408c85026c7db54a8) Importer(815301076,1909f56bfc062723c751e8b465ee728b)  -> (artifact id: '98313df925d45b5dcb40373854a7a86a') in 0.059187 seconds 
========================================================================
Received Import Request.
  Time since last request: 0.000374 seconds.
  path: Assets/prefabs/CollectedBrick.prefab
  artifactKey: Guid(da932682431cc5d43a57daa4a60cbcf5) Importer(815301076,1909f56bfc062723c751e8b465ee728b)
Start importing Assets/prefabs/CollectedBrick.prefab using Guid(da932682431cc5d43a57daa4a60cbcf5) Importer(815301076,1909f56bfc062723c751e8b465ee728b)  -> (artifact id: 'b00027acd1ce94273525c46d21a8f915') in 0.018229 seconds 
========================================================================
Received Prepare
Registering precompiled user dll's ...
Registered in 0.002063 seconds.
Begin MonoManager ReloadAssembly
Native extension for WindowsStandalone target not found
Refreshing native plugins compatible for Editor in 0.35 ms, found 2 plugins.
Preloading 0 native plugins for Editor in 0.00 ms.
Mono: successfully reloaded assembly
- Completed reload, in  0.963 seconds
Domain Reload Profiling:
	ReloadAssembly (964ms)
		BeginReloadAssembly (109ms)
			ExecutionOrderSort (0ms)
			DisableScriptedObjects (4ms)
			BackupInstance (0ms)
			ReleaseScriptingObjects (0ms)
			CreateAndSetChildDomain (30ms)
		EndReloadAssembly (798ms)
			LoadAssemblies (99ms)
			RebuildTransferFunctionScriptingTraits (0ms)
			SetupTypeCache (269ms)
			ReleaseScriptCaches (1ms)
			RebuildScriptCaches (38ms)
			SetupLoadedEditorAssemblies (316ms)
				LogAssemblyErrors (0ms)
				InitializePlatformSupportModulesInManaged (4ms)
				SetLoadedEditorAssemblies (0ms)
				RefreshPlugins (0ms)
				BeforeProcessingInitializeOnLoad (97ms)
				ProcessInitializeOnLoadAttributes (197ms)
				ProcessInitializeOnLoadMethodAttributes (14ms)
				AfterProcessingInitializeOnLoad (2ms)
				EditorAssembliesLoaded (0ms)
			ExecutionOrderSort2 (0ms)
			AwakeInstancesAfterBackupRestoration (2ms)
Platform modules already initialized, skipping
Refreshing native plugins compatible for Editor in 0.35 ms, found 2 plugins.
Preloading 0 native plugins for Editor in 0.00 ms.
Unloading 1485 Unused Serialized files (Serialized files now loaded: 0)
System memory in use before: 87.0 MB.
System memory in use after: 87.1 MB.

Unloading 13 unused Assets to reduce memory usage. Loaded Objects now: 1998.
Total: 2.824300 ms (FindLiveObjects: 0.118900 ms CreateObjectMapping: 0.042300 ms MarkObjects: 2.602600 ms  DeleteObjects: 0.059600 ms)

AssetImportParameters requested are different than current active one (requested -> active):
  custom:framework-win-MediaFoundation: 216162199b28c13a410421893ffa2e32 -> 
  custom:video-decoder-ogg-theora: a1e56fd34408186e4bbccfd4996cb3dc -> 
  custom:container-muxer-webm: aa71ff27fc2769a1b78a27578f13a17b -> 
  custom:container-demuxer-webm: 4f35f7cbe854078d1ac9338744f61a02 -> 
  custom:container-demuxer-ogg: 62fdf1f143b41e24485cea50d1cbac27 -> 
  custom:video-encoder-webm-vp8: eb34c28f22e8b96e1ab97ce403110664 -> 
  custom:video-decoder-webm-vp8: 9c59270c3fd7afecdb556c50c9e8de78 -> 
  custom:audio-decoder-ogg-vorbis: bf7c407c2cedff20999df2af8eb42d56 -> 
  custom:audio-encoder-webm-vorbis: bf7c407c2cedff20999df2af8eb42d56 -> 
========================================================================
Received Import Request.
  Time since last request: 234.015623 seconds.
  path: Assets/GAME/Resources/Prefab/Pivote_Wall.prefab
  artifactKey: Guid(680fafd85c16f024192891099b1460ee) Importer(815301076,1909f56bfc062723c751e8b465ee728b)
Start importing Assets/GAME/Resources/Prefab/Pivote_Wall.prefab using Guid(680fafd85c16f024192891099b1460ee) Importer(815301076,1909f56bfc062723c751e8b465ee728b)  -> (artifact id: 'a6522afec111e5c09abee4ec788610f7') in 0.055357 seconds 
========================================================================
Received Import Request.
  Time since last request: 60.453936 seconds.
  path: Assets/GAME/Resources/Prefab/Pivot_Push.prefab
  artifactKey: Guid(58bccaa9158f7ae4089c8a8ccd023a65) Importer(815301076,1909f56bfc062723c751e8b465ee728b)
Start importing Assets/GAME/Resources/Prefab/Pivot_Push.prefab using Guid(58bccaa9158f7ae4089c8a8ccd023a65) Importer(815301076,1909f56bfc062723c751e8b465ee728b)  -> (artifact id: '70114e517a5c90b1864438ca4a8ffc6b') in 0.012500 seconds 
========================================================================
Received Prepare
Registering precompiled user dll's ...
Registered in 0.001981 seconds.
Begin MonoManager ReloadAssembly
Native extension for WindowsStandalone target not found
Refreshing native plugins compatible for Editor in 0.35 ms, found 2 plugins.
Preloading 0 native plugins for Editor in 0.00 ms.
Mono: successfully reloaded assembly
- Completed reload, in  0.913 seconds
Domain Reload Profiling:
	ReloadAssembly (914ms)
		BeginReloadAssembly (106ms)
			ExecutionOrderSort (0ms)
			DisableScriptedObjects (5ms)
			BackupInstance (0ms)
			ReleaseScriptingObjects (0ms)
			CreateAndSetChildDomain (30ms)
		EndReloadAssembly (751ms)
			LoadAssemblies (87ms)
			RebuildTransferFunctionScriptingTraits (0ms)
			SetupTypeCache (268ms)
			ReleaseScriptCaches (1ms)
			RebuildScriptCaches (40ms)
			SetupLoadedEditorAssemblies (274ms)
				LogAssemblyErrors (0ms)
				InitializePlatformSupportModulesInManaged (4ms)
				SetLoadedEditorAssemblies (0ms)
				RefreshPlugins (0ms)
				BeforeProcessingInitializeOnLoad (71ms)
				ProcessInitializeOnLoadAttributes (183ms)
				ProcessInitializeOnLoadMethodAttributes (13ms)
				AfterProcessingInitializeOnLoad (2ms)
				EditorAssembliesLoaded (0ms)
			ExecutionOrderSort2 (0ms)
			AwakeInstancesAfterBackupRestoration (2ms)
Platform modules already initialized, skipping
Refreshing native plugins compatible for Editor in 0.60 ms, found 2 plugins.
Preloading 0 native plugins for Editor in 0.00 ms.
Unloading 1485 Unused Serialized files (Serialized files now loaded: 0)
System memory in use before: 87.0 MB.
System memory in use after: 87.1 MB.

Unloading 12 unused Assets to reduce memory usage. Loaded Objects now: 2002.
Total: 2.554200 ms (FindLiveObjects: 0.122000 ms CreateObjectMapping: 0.043500 ms MarkObjects: 2.333800 ms  DeleteObjects: 0.054100 ms)

AssetImportParameters requested are different than current active one (requested -> active):
  custom:framework-win-MediaFoundation: 216162199b28c13a410421893ffa2e32 -> 
  custom:video-decoder-ogg-theora: a1e56fd34408186e4bbccfd4996cb3dc -> 
  custom:container-muxer-webm: aa71ff27fc2769a1b78a27578f13a17b -> 
  custom:container-demuxer-webm: 4f35f7cbe854078d1ac9338744f61a02 -> 
  custom:container-demuxer-ogg: 62fdf1f143b41e24485cea50d1cbac27 -> 
  custom:video-encoder-webm-vp8: eb34c28f22e8b96e1ab97ce403110664 -> 
  custom:video-decoder-webm-vp8: 9c59270c3fd7afecdb556c50c9e8de78 -> 
  custom:audio-decoder-ogg-vorbis: bf7c407c2cedff20999df2af8eb42d56 -> 
  custom:audio-encoder-webm-vorbis: bf7c407c2cedff20999df2af8eb42d56 -> 
========================================================================
Received Prepare
Registering precompiled user dll's ...
Registered in 0.001979 seconds.
Begin MonoManager ReloadAssembly
Native extension for WindowsStandalone target not found
Refreshing native plugins compatible for Editor in 1.02 ms, found 2 plugins.
Preloading 0 native plugins for Editor in 0.00 ms.
Mono: successfully reloaded assembly
- Completed reload, in  0.900 seconds
Domain Reload Profiling:
	ReloadAssembly (900ms)
		BeginReloadAssembly (107ms)
			ExecutionOrderSort (0ms)
			DisableScriptedObjects (5ms)
			BackupInstance (0ms)
			ReleaseScriptingObjects (0ms)
			CreateAndSetChildDomain (29ms)
		EndReloadAssembly (738ms)
			LoadAssemblies (96ms)
			RebuildTransferFunctionScriptingTraits (0ms)
			SetupTypeCache (265ms)
			ReleaseScriptCaches (1ms)
			RebuildScriptCaches (39ms)
			SetupLoadedEditorAssemblies (265ms)
				LogAssemblyErrors (0ms)
				InitializePlatformSupportModulesInManaged (4ms)
				SetLoadedEditorAssemblies (1ms)
				RefreshPlugins (1ms)
				BeforeProcessingInitializeOnLoad (67ms)
				ProcessInitializeOnLoadAttributes (176ms)
				ProcessInitializeOnLoadMethodAttributes (13ms)
				AfterProcessingInitializeOnLoad (3ms)
				EditorAssembliesLoaded (0ms)
			ExecutionOrderSort2 (0ms)
			AwakeInstancesAfterBackupRestoration (2ms)
Platform modules already initialized, skipping
Refreshing native plugins compatible for Editor in 0.35 ms, found 2 plugins.
Preloading 0 native plugins for Editor in 0.00 ms.
Unloading 1485 Unused Serialized files (Serialized files now loaded: 0)
System memory in use before: 87.0 MB.
System memory in use after: 87.1 MB.

Unloading 12 unused Assets to reduce memory usage. Loaded Objects now: 2005.
Total: 3.315400 ms (FindLiveObjects: 0.126000 ms CreateObjectMapping: 0.046400 ms MarkObjects: 3.079700 ms  DeleteObjects: 0.062400 ms)

AssetImportParameters requested are different than current active one (requested -> active):
  custom:framework-win-MediaFoundation: 216162199b28c13a410421893ffa2e32 -> 
  custom:video-decoder-ogg-theora: a1e56fd34408186e4bbccfd4996cb3dc -> 
  custom:container-muxer-webm: aa71ff27fc2769a1b78a27578f13a17b -> 
  custom:container-demuxer-webm: 4f35f7cbe854078d1ac9338744f61a02 -> 
  custom:container-demuxer-ogg: 62fdf1f143b41e24485cea50d1cbac27 -> 
  custom:video-encoder-webm-vp8: eb34c28f22e8b96e1ab97ce403110664 -> 
  custom:video-decoder-webm-vp8: 9c59270c3fd7afecdb556c50c9e8de78 -> 
  custom:audio-decoder-ogg-vorbis: bf7c407c2cedff20999df2af8eb42d56 -> 
  custom:audio-encoder-webm-vorbis: bf7c407c2cedff20999df2af8eb42d56 -> 
========================================================================
Received Prepare
Registering precompiled user dll's ...
Registered in 0.002140 seconds.
Begin MonoManager ReloadAssembly
Native extension for WindowsStandalone target not found
Refreshing native plugins compatible for Editor in 0.37 ms, found 2 plugins.
Preloading 0 native plugins for Editor in 0.00 ms.
Mono: successfully reloaded assembly
- Completed reload, in  0.915 seconds
Domain Reload Profiling:
	ReloadAssembly (915ms)
		BeginReloadAssembly (120ms)
			ExecutionOrderSort (0ms)
			DisableScriptedObjects (4ms)
			BackupInstance (0ms)
			ReleaseScriptingObjects (0ms)
			CreateAndSetChildDomain (31ms)
		EndReloadAssembly (740ms)
			LoadAssemblies (88ms)
			RebuildTransferFunctionScriptingTraits (0ms)
			SetupTypeCache (273ms)
			ReleaseScriptCaches (1ms)
			RebuildScriptCaches (39ms)
			SetupLoadedEditorAssemblies (265ms)
				LogAssemblyErrors (0ms)
				InitializePlatformSupportModulesInManaged (4ms)
				SetLoadedEditorAssemblies (0ms)
				RefreshPlugins (0ms)
				BeforeProcessingInitializeOnLoad (68ms)
				ProcessInitializeOnLoadAttributes (177ms)
				ProcessInitializeOnLoadMethodAttributes (13ms)
				AfterProcessingInitializeOnLoad (2ms)
				EditorAssembliesLoaded (0ms)
			ExecutionOrderSort2 (0ms)
			AwakeInstancesAfterBackupRestoration (2ms)
Platform modules already initialized, skipping
Refreshing native plugins compatible for Editor in 0.35 ms, found 2 plugins.
Preloading 0 native plugins for Editor in 0.00 ms.
Unloading 1485 Unused Serialized files (Serialized files now loaded: 0)
System memory in use before: 87.0 MB.
System memory in use after: 87.1 MB.

Unloading 12 unused Assets to reduce memory usage. Loaded Objects now: 2008.
Total: 2.563600 ms (FindLiveObjects: 0.148900 ms CreateObjectMapping: 0.065100 ms MarkObjects: 2.291000 ms  DeleteObjects: 0.057800 ms)

AssetImportParameters requested are different than current active one (requested -> active):
  custom:framework-win-MediaFoundation: 216162199b28c13a410421893ffa2e32 -> 
  custom:video-decoder-ogg-theora: a1e56fd34408186e4bbccfd4996cb3dc -> 
  custom:container-muxer-webm: aa71ff27fc2769a1b78a27578f13a17b -> 
  custom:container-demuxer-webm: 4f35f7cbe854078d1ac9338744f61a02 -> 
  custom:container-demuxer-ogg: 62fdf1f143b41e24485cea50d1cbac27 -> 
  custom:video-encoder-webm-vp8: eb34c28f22e8b96e1ab97ce403110664 -> 
  custom:video-decoder-webm-vp8: 9c59270c3fd7afecdb556c50c9e8de78 -> 
  custom:audio-decoder-ogg-vorbis: bf7c407c2cedff20999df2af8eb42d56 -> 
  custom:audio-encoder-webm-vorbis: bf7c407c2cedff20999df2af8eb42d56 -> 
========================================================================
Received Import Request.
  Time since last request: 2138.620108 seconds.
  path: Assets/prefabs/DefaultBox.prefab
  artifactKey: Guid(8550cf51841dfd040919925400890e0d) Importer(815301076,1909f56bfc062723c751e8b465ee728b)
Start importing Assets/prefabs/DefaultBox.prefab using Guid(8550cf51841dfd040919925400890e0d) Importer(815301076,1909f56bfc062723c751e8b465ee728b)  -> (artifact id: '093eef8ca06482b4c9f3487b2ed86f1b') in 0.059824 seconds 
========================================================================
Received Import Request.
  Time since last request: 0.000277 seconds.
  path: Assets/prefabs/Destination.prefab
  artifactKey: Guid(9fc94b75a61e1824799c013ed2fcf465) Importer(815301076,1909f56bfc062723c751e8b465ee728b)
Start importing Assets/prefabs/Destination.prefab using Guid(9fc94b75a61e1824799c013ed2fcf465) Importer(815301076,1909f56bfc062723c751e8b465ee728b)  -> (artifact id: 'ab4cff988479b5c1c3f29d237888237f') in 0.078035 seconds 
========================================================================
Received Import Request.
  Time since last request: 3.596477 seconds.
  path: Assets/prefabs/fangkuai.prefab
  artifactKey: Guid(f74ae9c61c6b2474faab0e85d09a9e76) Importer(815301076,1909f56bfc062723c751e8b465ee728b)
Start importing Assets/prefabs/fangkuai.prefab using Guid(f74ae9c61c6b2474faab0e85d09a9e76) Importer(815301076,1909f56bfc062723c751e8b465ee728b)  -> (artifact id: '2dd533b18130211b37d6ef04e6562525') in 0.011515 seconds 
========================================================================
Received Prepare
Registering precompiled user dll's ...
Registered in 0.002012 seconds.
Begin MonoManager ReloadAssembly
Native extension for WindowsStandalone target not found
Refreshing native plugins compatible for Editor in 0.36 ms, found 2 plugins.
Preloading 0 native plugins for Editor in 0.00 ms.
Mono: successfully reloaded assembly
- Completed reload, in  0.915 seconds
Domain Reload Profiling:
	ReloadAssembly (915ms)
		BeginReloadAssembly (105ms)
			ExecutionOrderSort (0ms)
			DisableScriptedObjects (4ms)
			BackupInstance (0ms)
			ReleaseScriptingObjects (0ms)
			CreateAndSetChildDomain (30ms)
		EndReloadAssembly (754ms)
			LoadAssemblies (93ms)
			RebuildTransferFunctionScriptingTraits (0ms)
			SetupTypeCache (277ms)
			ReleaseScriptCaches (1ms)
			RebuildScriptCaches (38ms)
			SetupLoadedEditorAssemblies (269ms)
				LogAssemblyErrors (0ms)
				InitializePlatformSupportModulesInManaged (4ms)
				SetLoadedEditorAssemblies (0ms)
				RefreshPlugins (0ms)
				BeforeProcessingInitializeOnLoad (70ms)
				ProcessInitializeOnLoadAttributes (178ms)
				ProcessInitializeOnLoadMethodAttributes (13ms)
				AfterProcessingInitializeOnLoad (2ms)
				EditorAssembliesLoaded (0ms)
			ExecutionOrderSort2 (0ms)
			AwakeInstancesAfterBackupRestoration (2ms)
Platform modules already initialized, skipping
Refreshing native plugins compatible for Editor in 0.35 ms, found 2 plugins.
Preloading 0 native plugins for Editor in 0.00 ms.
Unloading 1485 Unused Serialized files (Serialized files now loaded: 0)
System memory in use before: 87.1 MB.
System memory in use after: 87.1 MB.

Unloading 12 unused Assets to reduce memory usage. Loaded Objects now: 2012.
Total: 3.144200 ms (FindLiveObjects: 0.179900 ms CreateObjectMapping: 0.068500 ms MarkObjects: 2.833600 ms  DeleteObjects: 0.060900 ms)

AssetImportParameters requested are different than current active one (requested -> active):
  custom:framework-win-MediaFoundation: 216162199b28c13a410421893ffa2e32 -> 
  custom:video-decoder-ogg-theora: a1e56fd34408186e4bbccfd4996cb3dc -> 
  custom:container-muxer-webm: aa71ff27fc2769a1b78a27578f13a17b -> 
  custom:container-demuxer-webm: 4f35f7cbe854078d1ac9338744f61a02 -> 
  custom:container-demuxer-ogg: 62fdf1f143b41e24485cea50d1cbac27 -> 
  custom:video-encoder-webm-vp8: eb34c28f22e8b96e1ab97ce403110664 -> 
  custom:video-decoder-webm-vp8: 9c59270c3fd7afecdb556c50c9e8de78 -> 
  custom:audio-decoder-ogg-vorbis: bf7c407c2cedff20999df2af8eb42d56 -> 
  custom:audio-encoder-webm-vorbis: bf7c407c2cedff20999df2af8eb42d56 -> 
========================================================================
Received Import Request.
  Time since last request: 835.376532 seconds.
  path: Assets/prefabs/fangkuai.prefab
  artifactKey: Guid(f74ae9c61c6b2474faab0e85d09a9e76) Importer(815301076,1909f56bfc062723c751e8b465ee728b)
Start importing Assets/prefabs/fangkuai.prefab using Guid(f74ae9c61c6b2474faab0e85d09a9e76) Importer(815301076,1909f56bfc062723c751e8b465ee728b)  -> (artifact id: '1b9208c381738347d9f56e1ef7d7b4f7') in 0.055566 seconds 
========================================================================
Received Import Request.
  Time since last request: 1.072743 seconds.
  path: Assets/prefabs/fangkuai.prefab
  artifactKey: Guid(f74ae9c61c6b2474faab0e85d09a9e76) Importer(815301076,1909f56bfc062723c751e8b465ee728b)
Start importing Assets/prefabs/fangkuai.prefab using Guid(f74ae9c61c6b2474faab0e85d09a9e76) Importer(815301076,1909f56bfc062723c751e8b465ee728b)  -> (artifact id: '991381cabfdbcca3608e8524c2715dbf') in 0.010214 seconds 
========================================================================
Received Prepare
Registering precompiled user dll's ...
Registered in 0.002601 seconds.
Begin MonoManager ReloadAssembly
Native extension for WindowsStandalone target not found
Refreshing native plugins compatible for Editor in 0.53 ms, found 2 plugins.
Preloading 0 native plugins for Editor in 0.00 ms.
Mono: successfully reloaded assembly
- Completed reload, in  1.149 seconds
Domain Reload Profiling:
	ReloadAssembly (1149ms)
		BeginReloadAssembly (107ms)
			ExecutionOrderSort (0ms)
			DisableScriptedObjects (5ms)
			BackupInstance (0ms)
			ReleaseScriptingObjects (0ms)
			CreateAndSetChildDomain (30ms)
		EndReloadAssembly (986ms)
			LoadAssemblies (89ms)
			RebuildTransferFunctionScriptingTraits (0ms)
			SetupTypeCache (287ms)
			ReleaseScriptCaches (1ms)
			RebuildScriptCaches (62ms)
			SetupLoadedEditorAssemblies (414ms)
				LogAssemblyErrors (0ms)
				InitializePlatformSupportModulesInManaged (7ms)
				SetLoadedEditorAssemblies (1ms)
				RefreshPlugins (1ms)
				BeforeProcessingInitializeOnLoad (109ms)
				ProcessInitializeOnLoadAttributes (271ms)
				ProcessInitializeOnLoadMethodAttributes (21ms)
				AfterProcessingInitializeOnLoad (4ms)
				EditorAssembliesLoaded (0ms)
			ExecutionOrderSort2 (0ms)
			AwakeInstancesAfterBackupRestoration (3ms)
Platform modules already initialized, skipping
Refreshing native plugins compatible for Editor in 0.41 ms, found 2 plugins.
Preloading 0 native plugins for Editor in 0.00 ms.
Unloading 1485 Unused Serialized files (Serialized files now loaded: 0)
System memory in use before: 87.1 MB.
System memory in use after: 87.1 MB.

Unloading 12 unused Assets to reduce memory usage. Loaded Objects now: 2016.
Total: 2.505900 ms (FindLiveObjects: 0.154200 ms CreateObjectMapping: 0.049900 ms MarkObjects: 2.247200 ms  DeleteObjects: 0.053800 ms)

AssetImportParameters requested are different than current active one (requested -> active):
  custom:framework-win-MediaFoundation: 216162199b28c13a410421893ffa2e32 -> 
  custom:video-decoder-ogg-theora: a1e56fd34408186e4bbccfd4996cb3dc -> 
  custom:container-muxer-webm: aa71ff27fc2769a1b78a27578f13a17b -> 
  custom:container-demuxer-webm: 4f35f7cbe854078d1ac9338744f61a02 -> 
  custom:container-demuxer-ogg: 62fdf1f143b41e24485cea50d1cbac27 -> 
  custom:video-encoder-webm-vp8: eb34c28f22e8b96e1ab97ce403110664 -> 
  custom:video-decoder-webm-vp8: 9c59270c3fd7afecdb556c50c9e8de78 -> 
  custom:audio-decoder-ogg-vorbis: bf7c407c2cedff20999df2af8eb42d56 -> 
  custom:audio-encoder-webm-vorbis: bf7c407c2cedff20999df2af8eb42d56 -> 
========================================================================
Received Prepare
Registering precompiled user dll's ...
Registered in 1.266850 seconds.
Begin MonoManager ReloadAssembly
Native extension for WindowsStandalone target not found
Refreshing native plugins compatible for Editor in 0.35 ms, found 2 plugins.
Preloading 0 native plugins for Editor in 0.00 ms.
Mono: successfully reloaded assembly
- Completed reload, in  9.318 seconds
Domain Reload Profiling:
	ReloadAssembly (9319ms)
		BeginReloadAssembly (3997ms)
			ExecutionOrderSort (0ms)
			DisableScriptedObjects (4ms)
			BackupInstance (0ms)
			ReleaseScriptingObjects (0ms)
			CreateAndSetChildDomain (33ms)
		EndReloadAssembly (5266ms)
			LoadAssemblies (5604ms)
			RebuildTransferFunctionScriptingTraits (0ms)
			SetupTypeCache (1633ms)
			ReleaseScriptCaches (1ms)
			RebuildScriptCaches (39ms)
			SetupLoadedEditorAssemblies (1711ms)
				LogAssemblyErrors (0ms)
				InitializePlatformSupportModulesInManaged (5ms)
				SetLoadedEditorAssemblies (0ms)
				RefreshPlugins (0ms)
				BeforeProcessingInitializeOnLoad (73ms)
				ProcessInitializeOnLoadAttributes (366ms)
				ProcessInitializeOnLoadMethodAttributes (1264ms)
				AfterProcessingInitializeOnLoad (2ms)
				EditorAssembliesLoaded (0ms)
			ExecutionOrderSort2 (0ms)
			AwakeInstancesAfterBackupRestoration (2ms)
Platform modules already initialized, skipping
Refreshing native plugins compatible for Editor in 0.43 ms, found 2 plugins.
Preloading 0 native plugins for Editor in 0.00 ms.
Unloading 1485 Unused Serialized files (Serialized files now loaded: 0)
System memory in use before: 87.1 MB.
System memory in use after: 87.1 MB.

Unloading 12 unused Assets to reduce memory usage. Loaded Objects now: 2019.
Total: 2.500900 ms (FindLiveObjects: 0.135600 ms CreateObjectMapping: 0.047100 ms MarkObjects: 2.264700 ms  DeleteObjects: 0.052700 ms)

AssetImportParameters requested are different than current active one (requested -> active):
  custom:framework-win-MediaFoundation: 216162199b28c13a410421893ffa2e32 -> 
  custom:video-decoder-ogg-theora: a1e56fd34408186e4bbccfd4996cb3dc -> 
  custom:container-muxer-webm: aa71ff27fc2769a1b78a27578f13a17b -> 
  custom:container-demuxer-webm: 4f35f7cbe854078d1ac9338744f61a02 -> 
  custom:container-demuxer-ogg: 62fdf1f143b41e24485cea50d1cbac27 -> 
  custom:video-encoder-webm-vp8: eb34c28f22e8b96e1ab97ce403110664 -> 
  custom:video-decoder-webm-vp8: 9c59270c3fd7afecdb556c50c9e8de78 -> 
  custom:audio-decoder-ogg-vorbis: bf7c407c2cedff20999df2af8eb42d56 -> 
  custom:audio-encoder-webm-vorbis: bf7c407c2cedff20999df2af8eb42d56 -> 
AssetImportWorkerClient::OnTransportError - code=2 error=End of file
