Using pre-set license
Built from '2020.3/staging' branch; Version is '2020.3.42f1 (7ade1201f527) revision 8052242'; Using compiler version '192528614'; Build Type 'Release'
OS: 'Windows 10  (10.0.19045) 64bit Enterprise' Language: 'vi' Physical Memory: 8132 MB
BatchMode: 1, IsHumanControllingUs: 0, StartBugReporterOnCrash: 0, Is64bit: 1, IsPro: 0

COMMAND LINE ARGUMENTS:
E:\UNG_DUNG\Unity\Unity 2020.3.42f1\Editor\Unity.exe
-adb2
-batchMode
-noUpm
-name
AssetImportWorker0
-projectPath
E:/THUC_TAP_SINH/CODE/StackMaker/StackMaker
-logFile
Logs/AssetImportWorker0.log
-srvPort
58077
Successfully changed project path to: E:/THUC_TAP_SINH/CODE/StackMaker/StackMaker
E:/THUC_TAP_SINH/CODE/StackMaker/StackMaker
Using Asset Import Pipeline V2.
Refreshing native plugins compatible for Editor in 37.15 ms, found 2 plugins.
Preloading 0 native plugins for Editor in 0.00 ms.
Initialize engine version: 2020.3.42f1 (7ade1201f527)
[Subsystems] Discovering subsystems at path E:/UNG_DUNG/Unity/Unity 2020.3.42f1/Editor/Data/Resources/UnitySubsystems
[Subsystems] Discovering subsystems at path E:/THUC_TAP_SINH/CODE/StackMaker/StackMaker/Assets
GfxDevice: creating device client; threaded=0
Direct3D:
    Version:  Direct3D 11.0 [level 11.1]
    Renderer: NVIDIA GeForce GT 1030 (ID=0x1d01)
    Vendor:   
    VRAM:     1982 MB
    Driver:   31.0.15.1694
Initialize mono
Mono path[0] = 'E:/UNG_DUNG/Unity/Unity 2020.3.42f1/Editor/Data/Managed'
Mono path[1] = 'E:/UNG_DUNG/Unity/Unity 2020.3.42f1/Editor/Data/MonoBleedingEdge/lib/mono/unityjit'
Mono config path = 'E:/UNG_DUNG/Unity/Unity 2020.3.42f1/Editor/Data/MonoBleedingEdge/etc'
Using monoOptions --debugger-agent=transport=dt_socket,embedding=1,server=y,suspend=n,address=127.0.0.1:56268
Begin MonoManager ReloadAssembly
Registering precompiled unity dll's ...
Register platform support module: E:/UNG_DUNG/Unity/Unity 2020.3.42f1/Editor/Data/PlaybackEngines/WindowsStandaloneSupport/UnityEditor.WindowsStandalone.Extensions.dll
Registered in 0.001071 seconds.
Native extension for WindowsStandalone target not found
Refreshing native plugins compatible for Editor in 38.84 ms, found 2 plugins.
Preloading 0 native plugins for Editor in 0.00 ms.
Mono: successfully reloaded assembly
- Completed reload, in  0.591 seconds
Domain Reload Profiling:
	ReloadAssembly (591ms)
		BeginReloadAssembly (64ms)
			ExecutionOrderSort (0ms)
			DisableScriptedObjects (0ms)
			BackupInstance (0ms)
			ReleaseScriptingObjects (0ms)
			CreateAndSetChildDomain (1ms)
		EndReloadAssembly (459ms)
			LoadAssemblies (63ms)
			RebuildTransferFunctionScriptingTraits (0ms)
			SetupTypeCache (157ms)
			ReleaseScriptCaches (0ms)
			RebuildScriptCaches (30ms)
			SetupLoadedEditorAssemblies (177ms)
				LogAssemblyErrors (0ms)
				InitializePlatformSupportModulesInManaged (4ms)
				SetLoadedEditorAssemblies (0ms)
				RefreshPlugins (39ms)
				BeforeProcessingInitializeOnLoad (17ms)
				ProcessInitializeOnLoadAttributes (87ms)
				ProcessInitializeOnLoadMethodAttributes (30ms)
				AfterProcessingInitializeOnLoad (0ms)
				EditorAssembliesLoaded (0ms)
			ExecutionOrderSort2 (0ms)
			AwakeInstancesAfterBackupRestoration (0ms)
Platform modules already initialized, skipping
Registering precompiled user dll's ...
Registered in 0.002470 seconds.
Begin MonoManager ReloadAssembly
Native extension for WindowsStandalone target not found
Refreshing native plugins compatible for Editor in 0.36 ms, found 2 plugins.
Preloading 0 native plugins for Editor in 0.00 ms.
Mono: successfully reloaded assembly
- Completed reload, in  1.016 seconds
Domain Reload Profiling:
	ReloadAssembly (1017ms)
		BeginReloadAssembly (148ms)
			ExecutionOrderSort (0ms)
			DisableScriptedObjects (5ms)
			BackupInstance (0ms)
			ReleaseScriptingObjects (0ms)
			CreateAndSetChildDomain (19ms)
		EndReloadAssembly (812ms)
			LoadAssemblies (91ms)
			RebuildTransferFunctionScriptingTraits (0ms)
			SetupTypeCache (287ms)
			ReleaseScriptCaches (0ms)
			RebuildScriptCaches (42ms)
			SetupLoadedEditorAssemblies (318ms)
				LogAssemblyErrors (0ms)
				InitializePlatformSupportModulesInManaged (4ms)
				SetLoadedEditorAssemblies (0ms)
				RefreshPlugins (0ms)
				BeforeProcessingInitializeOnLoad (78ms)
				ProcessInitializeOnLoadAttributes (206ms)
				ProcessInitializeOnLoadMethodAttributes (26ms)
				AfterProcessingInitializeOnLoad (2ms)
				EditorAssembliesLoaded (0ms)
			ExecutionOrderSort2 (0ms)
			AwakeInstancesAfterBackupRestoration (2ms)
Platform modules already initialized, skipping
========================================================================
Worker process is ready to serve import requests
Launched and connected shader compiler UnityShaderCompiler.exe after 0.04 seconds
Refreshing native plugins compatible for Editor in 0.38 ms, found 2 plugins.
Preloading 0 native plugins for Editor in 0.00 ms.
Unloading 1488 Unused Serialized files (Serialized files now loaded: 0)
System memory in use before: 69.1 MB.
System memory in use after: 69.1 MB.

Unloading 17 unused Assets to reduce memory usage. Loaded Objects now: 1924.
Total: 2.619000 ms (FindLiveObjects: 0.122300 ms CreateObjectMapping: 0.047300 ms MarkObjects: 2.359000 ms  DeleteObjects: 0.089600 ms)

AssetImportParameters requested are different than current active one (requested -> active):
  custom:framework-win-MediaFoundation: 216162199b28c13a410421893ffa2e32 -> 
  custom:video-decoder-ogg-theora: a1e56fd34408186e4bbccfd4996cb3dc -> 
  custom:container-muxer-webm: aa71ff27fc2769a1b78a27578f13a17b -> 
  custom:container-demuxer-webm: 4f35f7cbe854078d1ac9338744f61a02 -> 
  custom:container-demuxer-ogg: 62fdf1f143b41e24485cea50d1cbac27 -> 
  custom:video-encoder-webm-vp8: eb34c28f22e8b96e1ab97ce403110664 -> 
  custom:video-decoder-webm-vp8: 9c59270c3fd7afecdb556c50c9e8de78 -> 
  custom:audio-decoder-ogg-vorbis: bf7c407c2cedff20999df2af8eb42d56 -> 
  custom:audio-encoder-webm-vorbis: bf7c407c2cedff20999df2af8eb42d56 -> 
========================================================================
Received Import Request.
  path: Assets/GAME
  artifactKey: Guid(59219cb600994074c8d011f4bb75b0dd) Importer(815301076,1909f56bfc062723c751e8b465ee728b)
Start importing Assets/GAME using Guid(59219cb600994074c8d011f4bb75b0dd) Importer(815301076,1909f56bfc062723c751e8b465ee728b)  -> (artifact id: '255facd6ce06ae4a3092eafced9e791f') in 0.007422 seconds 
========================================================================
Received Import Request.
  Time since last request: 0.000226 seconds.
  path: Assets/GAME/AnimationClip
  artifactKey: Guid(6964dbca5beabf3479b0ade4b18a37e5) Importer(815301076,1909f56bfc062723c751e8b465ee728b)
Start importing Assets/GAME/AnimationClip using Guid(6964dbca5beabf3479b0ade4b18a37e5) Importer(815301076,1909f56bfc062723c751e8b465ee728b)  -> (artifact id: '62827dc64f33f038ee750ff39840465f') in 0.006259 seconds 
========================================================================
Received Import Request.
  Time since last request: 13.315562 seconds.
  path: Assets/GAME/AnimatorController
  artifactKey: Guid(ce73e16b1da9cf74ebe7bd6f9cd24af3) Importer(815301076,1909f56bfc062723c751e8b465ee728b)
Start importing Assets/GAME/AnimatorController using Guid(ce73e16b1da9cf74ebe7bd6f9cd24af3) Importer(815301076,1909f56bfc062723c751e8b465ee728b)  -> (artifact id: '0a64f507c634923add54673e4cde0473') in 0.008283 seconds 
========================================================================
Received Import Request.
  Time since last request: 1.819610 seconds.
  path: Assets/GAME/Material
  artifactKey: Guid(4d420d7655d631243b176373625c5309) Importer(815301076,1909f56bfc062723c751e8b465ee728b)
Start importing Assets/GAME/Material using Guid(4d420d7655d631243b176373625c5309) Importer(815301076,1909f56bfc062723c751e8b465ee728b)  -> (artifact id: '4b279756bcda248aab306fa827f34ee5') in 0.007293 seconds 
========================================================================
Received Import Request.
  Time since last request: 0.074367 seconds.
  path: Assets/GAME/Material/6.mat
  artifactKey: Guid(e7d383fe8c3be9c48b27696981132a7e) Importer(815301076,1909f56bfc062723c751e8b465ee728b)
Start importing Assets/GAME/Material/6.mat using Guid(e7d383fe8c3be9c48b27696981132a7e) Importer(815301076,1909f56bfc062723c751e8b465ee728b)  -> (artifact id: 'ff46ea2644e68755b2992fdc767b6f57') in 0.305329 seconds 
========================================================================
Received Import Request.
  Time since last request: 0.000176 seconds.
  path: Assets/GAME/Material/bird.mat
  artifactKey: Guid(897bb998603de0b43a0b23a6f18bf111) Importer(815301076,1909f56bfc062723c751e8b465ee728b)
Start importing Assets/GAME/Material/bird.mat using Guid(897bb998603de0b43a0b23a6f18bf111) Importer(815301076,1909f56bfc062723c751e8b465ee728b)  -> (artifact id: 'e2b6cc87f2e08f33bb85f0bb36fe8753') in 0.202765 seconds 
========================================================================
Received Import Request.
  Time since last request: 0.000156 seconds.
  path: Assets/GAME/Material/wujiaoxingjinbi_D_dui1.mat
  artifactKey: Guid(1c24157564792194389364dcbc6bc3ac) Importer(815301076,1909f56bfc062723c751e8b465ee728b)
Start importing Assets/GAME/Material/wujiaoxingjinbi_D_dui1.mat using Guid(1c24157564792194389364dcbc6bc3ac) Importer(815301076,1909f56bfc062723c751e8b465ee728b)  -> (artifact id: '6fc3624eb1d18bf4843c473a737b7713') in 0.061483 seconds 
========================================================================
Received Import Request.
  Time since last request: 0.000180 seconds.
  path: Assets/GAME/Material/zuanshi15_zuanshi152.mat
  artifactKey: Guid(b1d6ee92285b6d446a8540d579dc8f5d) Importer(815301076,1909f56bfc062723c751e8b465ee728b)
Start importing Assets/GAME/Material/zuanshi15_zuanshi152.mat using Guid(b1d6ee92285b6d446a8540d579dc8f5d) Importer(815301076,1909f56bfc062723c751e8b465ee728b)  -> (artifact id: 'e046f234e8112765058fb5f5724aba0c') in 0.219862 seconds 
========================================================================
Received Import Request.
  Time since last request: 0.000193 seconds.
  path: Assets/GAME/Material/win Material.mat
  artifactKey: Guid(0ed37345d2870a74894b21ae2023f323) Importer(815301076,1909f56bfc062723c751e8b465ee728b)
Start importing Assets/GAME/Material/win Material.mat using Guid(0ed37345d2870a74894b21ae2023f323) Importer(815301076,1909f56bfc062723c751e8b465ee728b)  -> (artifact id: '779580653e496cf1b7f23679cbef0e8e') in 0.042953 seconds 
========================================================================
Received Import Request.
  Time since last request: 0.000164 seconds.
  path: Assets/GAME/Material/caihua51.mat
  artifactKey: Guid(b04da6c9ec6e44542b901815cf2fb2bf) Importer(815301076,1909f56bfc062723c751e8b465ee728b)
Start importing Assets/GAME/Material/caihua51.mat using Guid(b04da6c9ec6e44542b901815cf2fb2bf) Importer(815301076,1909f56bfc062723c751e8b465ee728b)  -> (artifact id: '22b6d6f7c8a37451f13420bd7141b33e') in 0.065294 seconds 
========================================================================
Received Import Request.
  Time since last request: 0.000155 seconds.
  path: Assets/GAME/Material/qiaomian Material.mat
  artifactKey: Guid(940d06ab6d6d86a43afd287e1989eb6a) Importer(815301076,1909f56bfc062723c751e8b465ee728b)
Start importing Assets/GAME/Material/qiaomian Material.mat using Guid(940d06ab6d6d86a43afd287e1989eb6a) Importer(815301076,1909f56bfc062723c751e8b465ee728b)  -> (artifact id: '873fea2d54ff1613c72f64bdd02760d1') in 0.027243 seconds 
========================================================================
Received Import Request.
  Time since last request: 0.000170 seconds.
  path: Assets/GAME/Material/lihua01.mat
  artifactKey: Guid(ca935dc677e23084f858b30bc63e9938) Importer(815301076,1909f56bfc062723c751e8b465ee728b)
Start importing Assets/GAME/Material/lihua01.mat using Guid(ca935dc677e23084f858b30bc63e9938) Importer(815301076,1909f56bfc062723c751e8b465ee728b)  -> (artifact id: '6d478eef9e701993d2e39b0f368dbffa') in 0.038109 seconds 
========================================================================
Received Import Request.
  Time since last request: 0.000164 seconds.
  path: Assets/GAME/Material/Model Material.mat
  artifactKey: Guid(565e18f4e9a084d44a420929707895b9) Importer(815301076,1909f56bfc062723c751e8b465ee728b)
Start importing Assets/GAME/Material/Model Material.mat using Guid(565e18f4e9a084d44a420929707895b9) Importer(815301076,1909f56bfc062723c751e8b465ee728b)  -> (artifact id: '90003bd4d33c6fbaec2dae7e1f7e087c') in 0.023839 seconds 
========================================================================
Received Import Request.
  Time since last request: 0.000161 seconds.
  path: Assets/GAME/Material/button21.mat
  artifactKey: Guid(a5731874a13f77e40be2636fb8653fe1) Importer(815301076,1909f56bfc062723c751e8b465ee728b)
Start importing Assets/GAME/Material/button21.mat using Guid(a5731874a13f77e40be2636fb8653fe1) Importer(815301076,1909f56bfc062723c751e8b465ee728b)  -> (artifact id: '3659a62838d267b4f5618b6fa1de811c') in 0.043804 seconds 
========================================================================
Received Import Request.
  Time since last request: 0.000168 seconds.
  path: Assets/GAME/Material/wujiaoxing Material.mat
  artifactKey: Guid(90dff8eb6f4f3544482f2b20bf720643) Importer(815301076,1909f56bfc062723c751e8b465ee728b)
Start importing Assets/GAME/Material/wujiaoxing Material.mat using Guid(90dff8eb6f4f3544482f2b20bf720643) Importer(815301076,1909f56bfc062723c751e8b465ee728b)  -> (artifact id: '6f9b7427d0853f85c35737935b2ff495') in 0.011932 seconds 
========================================================================
Received Import Request.
  Time since last request: 0.000228 seconds.
  path: Assets/GAME/Material/zuanshi7.mat
  artifactKey: Guid(2f9c253d54a170a429f9efc3a9d5ff4d) Importer(815301076,1909f56bfc062723c751e8b465ee728b)
Start importing Assets/GAME/Material/zuanshi7.mat using Guid(2f9c253d54a170a429f9efc3a9d5ff4d) Importer(815301076,1909f56bfc062723c751e8b465ee728b)  -> (artifact id: 'e3680f5d8d698fa5e8cf87a4a520e5cb') in 0.026853 seconds 
========================================================================
Received Import Request.
  Time since last request: 0.000153 seconds.
  path: Assets/GAME/Material/qidian.mat
  artifactKey: Guid(6cc48290667b0064ca881d1b4fccae5f) Importer(815301076,1909f56bfc062723c751e8b465ee728b)
Start importing Assets/GAME/Material/qidian.mat using Guid(6cc48290667b0064ca881d1b4fccae5f) Importer(815301076,1909f56bfc062723c751e8b465ee728b)  -> (artifact id: '2533f653fc653dddd6dbd81ea08fbad6') in 0.027729 seconds 
========================================================================
Received Import Request.
  Time since last request: 0.000164 seconds.
  path: Assets/GAME/Material/button31.mat
  artifactKey: Guid(eaa509fd999d65644a96a12aeea2ae2e) Importer(815301076,1909f56bfc062723c751e8b465ee728b)
Start importing Assets/GAME/Material/button31.mat using Guid(eaa509fd999d65644a96a12aeea2ae2e) Importer(815301076,1909f56bfc062723c751e8b465ee728b)  -> (artifact id: '60f6508755d1d6f42898ac3fed3bbe4a') in 0.036323 seconds 
========================================================================
Received Import Request.
  Time since last request: 0.000277 seconds.
  path: Assets/GAME/Material/bx01.mat
  artifactKey: Guid(e98dd3a8a0f9fe842b4c222b8a3b52e8) Importer(815301076,1909f56bfc062723c751e8b465ee728b)
Start importing Assets/GAME/Material/bx01.mat using Guid(e98dd3a8a0f9fe842b4c222b8a3b52e8) Importer(815301076,1909f56bfc062723c751e8b465ee728b)  -> (artifact id: '82df1581d0ebc4035cbbf0477c7b6453') in 0.023245 seconds 
========================================================================
Received Import Request.
  Time since last request: 0.000164 seconds.
  path: Assets/GAME/Material/Smoke_02.mat
  artifactKey: Guid(ac428f10b7494cd4198b81d5d0d7d6cf) Importer(815301076,1909f56bfc062723c751e8b465ee728b)
Start importing Assets/GAME/Material/Smoke_02.mat using Guid(ac428f10b7494cd4198b81d5d0d7d6cf) Importer(815301076,1909f56bfc062723c751e8b465ee728b)  -> (artifact id: '8fc7438858167756bf578e7fea98e1ee') in 0.031506 seconds 
========================================================================
Received Import Request.
  Time since last request: 0.000153 seconds.
  path: Assets/GAME/Material/51.mat
  artifactKey: Guid(a570d06420dd69f4ea4a364a7bb00155) Importer(815301076,1909f56bfc062723c751e8b465ee728b)
Start importing Assets/GAME/Material/51.mat using Guid(a570d06420dd69f4ea4a364a7bb00155) Importer(815301076,1909f56bfc062723c751e8b465ee728b)  -> (artifact id: '455c4f5bcbf3193ded8a407e0a6ffbfc') in 0.025933 seconds 
========================================================================
Received Import Request.
  Time since last request: 0.000169 seconds.
  path: Assets/GAME/Material/guangsu1.mat
  artifactKey: Guid(9309714c87ef9f44fb943cc75be3d1af) Importer(815301076,1909f56bfc062723c751e8b465ee728b)
Start importing Assets/GAME/Material/guangsu1.mat using Guid(9309714c87ef9f44fb943cc75be3d1af) Importer(815301076,1909f56bfc062723c751e8b465ee728b)  -> (artifact id: 'fe3db1d87d35bf4517d3dd27fd8ea6e1') in 0.027793 seconds 
========================================================================
Received Import Request.
  Time since last request: 0.000152 seconds.
  path: Assets/GAME/Material/glow.mat
  artifactKey: Guid(c1e9e5a7d21bf8b4d949d5f9b970fdbb) Importer(815301076,1909f56bfc062723c751e8b465ee728b)
Start importing Assets/GAME/Material/glow.mat using Guid(c1e9e5a7d21bf8b4d949d5f9b970fdbb) Importer(815301076,1909f56bfc062723c751e8b465ee728b)  -> (artifact id: 'a58e8736acd5c498b2066ad008547081') in 0.043214 seconds 
========================================================================
Received Import Request.
  Time since last request: 0.000170 seconds.
  path: Assets/GAME/Material/yanwu.mat
  artifactKey: Guid(aa671fec747934442983036580cf1dcf) Importer(815301076,1909f56bfc062723c751e8b465ee728b)
Start importing Assets/GAME/Material/yanwu.mat using Guid(aa671fec747934442983036580cf1dcf) Importer(815301076,1909f56bfc062723c751e8b465ee728b)  -> (artifact id: 'f59d67effa59706b3fb26d5dbb5610f7') in 0.021888 seconds 
========================================================================
Received Import Request.
  Time since last request: 0.000154 seconds.
  path: Assets/GAME/Material/newbody_001.mat
  artifactKey: Guid(f55bf57f0ee385445bd9f6909050ec51) Importer(815301076,1909f56bfc062723c751e8b465ee728b)
Start importing Assets/GAME/Material/newbody_001.mat using Guid(f55bf57f0ee385445bd9f6909050ec51) Importer(815301076,1909f56bfc062723c751e8b465ee728b)  -> (artifact id: 'ab53b8456e1266498d02034c1bec7026') in 0.034522 seconds 
========================================================================
Received Import Request.
  Time since last request: 0.000180 seconds.
  path: Assets/GAME/Material/mask.mat
  artifactKey: Guid(eef1a000da561cf488334fc93ccf84c4) Importer(815301076,1909f56bfc062723c751e8b465ee728b)
Start importing Assets/GAME/Material/mask.mat using Guid(eef1a000da561cf488334fc93ccf84c4) Importer(815301076,1909f56bfc062723c751e8b465ee728b)  -> (artifact id: 'b9fa237f20833735a01a7b163dab647c') in 0.062253 seconds 
========================================================================
Received Import Request.
  Time since last request: 0.000203 seconds.
  path: Assets/GAME/Material/yuandian2.mat
  artifactKey: Guid(8c6e14267eedc1e4280bb60b17e695c9) Importer(815301076,1909f56bfc062723c751e8b465ee728b)
Start importing Assets/GAME/Material/yuandian2.mat using Guid(8c6e14267eedc1e4280bb60b17e695c9) Importer(815301076,1909f56bfc062723c751e8b465ee728b)  -> (artifact id: '7f560828e5986163ced1cc3aacb89fe1') in 0.027868 seconds 
========================================================================
Received Import Request.
  Time since last request: 0.000159 seconds.
  path: Assets/GAME/Material/masked.mat
  artifactKey: Guid(dd94914bc27d9dc459d976bfb58bc94e) Importer(815301076,1909f56bfc062723c751e8b465ee728b)
Start importing Assets/GAME/Material/masked.mat using Guid(dd94914bc27d9dc459d976bfb58bc94e) Importer(815301076,1909f56bfc062723c751e8b465ee728b)  -> (artifact id: '8b3df387c714e4c262111f15adbe22fc') in 0.042044 seconds 
========================================================================
Received Import Request.
  Time since last request: 0.000160 seconds.
  path: Assets/GAME/Material/yuandian.mat
  artifactKey: Guid(b006059f8977a804eb8558a33af3c408) Importer(815301076,1909f56bfc062723c751e8b465ee728b)
Start importing Assets/GAME/Material/yuandian.mat using Guid(b006059f8977a804eb8558a33af3c408) Importer(815301076,1909f56bfc062723c751e8b465ee728b)  -> (artifact id: '03aae6f09d400b26c19ed96bf3ceb61a') in 0.012567 seconds 
========================================================================
Received Import Request.
  Time since last request: 0.000206 seconds.
  path: Assets/GAME/Material/zs1-1.mat
  artifactKey: Guid(78ae1d624b437fc42a62393ceb7d0d0c) Importer(815301076,1909f56bfc062723c751e8b465ee728b)
Start importing Assets/GAME/Material/zs1-1.mat using Guid(78ae1d624b437fc42a62393ceb7d0d0c) Importer(815301076,1909f56bfc062723c751e8b465ee728b)  -> (artifact id: '8fae86fe3e36a70716c0285232d2f45c') in 0.020471 seconds 
========================================================================
Received Import Request.
  Time since last request: 0.000179 seconds.
  path: Assets/GAME/Material/yindao_Material.mat
  artifactKey: Guid(61afa5000fec59846a83630216996e7e) Importer(815301076,1909f56bfc062723c751e8b465ee728b)
Start importing Assets/GAME/Material/yindao_Material.mat using Guid(61afa5000fec59846a83630216996e7e) Importer(815301076,1909f56bfc062723c751e8b465ee728b)  -> (artifact id: '3855ab50c8a4ad1c0560c9fd3712719f') in 0.024414 seconds 
========================================================================
Received Import Request.
  Time since last request: 0.000265 seconds.
  path: Assets/GAME/Material/7.mat
  artifactKey: Guid(d5ef3e304890ee3468dfb4ddc9c896d3) Importer(815301076,1909f56bfc062723c751e8b465ee728b)
Start importing Assets/GAME/Material/7.mat using Guid(d5ef3e304890ee3468dfb4ddc9c896d3) Importer(815301076,1909f56bfc062723c751e8b465ee728b)  -> (artifact id: '9a6fa6f4719b10893aac8bfc13e2185d') in 0.221502 seconds 
========================================================================
Received Import Request.
  Time since last request: 0.000278 seconds.
  path: Assets/GAME/Material/lightning_down_channel1x5_yellow.mat
  artifactKey: Guid(9a98e0682bdc06946ba6df0bc66d8f67) Importer(815301076,1909f56bfc062723c751e8b465ee728b)
Start importing Assets/GAME/Material/lightning_down_channel1x5_yellow.mat using Guid(9a98e0682bdc06946ba6df0bc66d8f67) Importer(815301076,1909f56bfc062723c751e8b465ee728b)  -> (artifact id: 'e740ebd8dbfbc33f1bdb34ff72018e24') in 0.038891 seconds 
========================================================================
Received Import Request.
  Time since last request: 0.000210 seconds.
  path: Assets/GAME/Material/export_uv_wireframe1.1001.mat
  artifactKey: Guid(51b57f93b2e302145939615f0e70483a) Importer(815301076,1909f56bfc062723c751e8b465ee728b)
Start importing Assets/GAME/Material/export_uv_wireframe1.1001.mat using Guid(51b57f93b2e302145939615f0e70483a) Importer(815301076,1909f56bfc062723c751e8b465ee728b)  -> (artifact id: '62f02782b23f304542cf9ab55324bec6') in 0.069698 seconds 
========================================================================
Received Import Request.
  Time since last request: 0.000166 seconds.
  path: Assets/GAME/Material/guodu1.mat
  artifactKey: Guid(0d85cb672c4db8d4eaba22b8e6a03f92) Importer(815301076,1909f56bfc062723c751e8b465ee728b)
Start importing Assets/GAME/Material/guodu1.mat using Guid(0d85cb672c4db8d4eaba22b8e6a03f92) Importer(815301076,1909f56bfc062723c751e8b465ee728b)  -> (artifact id: 'da45ca8b6be79c1d5de2b30d2d096b7c') in 0.012621 seconds 
========================================================================
Received Import Request.
  Time since last request: 0.000232 seconds.
  path: Assets/GAME/Material/caihua5.mat
  artifactKey: Guid(50dfb117c00bf7240a5a6beb449cb876) Importer(815301076,1909f56bfc062723c751e8b465ee728b)
Start importing Assets/GAME/Material/caihua5.mat using Guid(50dfb117c00bf7240a5a6beb449cb876) Importer(815301076,1909f56bfc062723c751e8b465ee728b)  -> (artifact id: 'aa8106f51ee11357c369caa3c8c0568f') in 0.013458 seconds 
========================================================================
Received Import Request.
  Time since last request: 0.000209 seconds.
  path: Assets/GAME/Material/yuandian_0.mat
  artifactKey: Guid(5d40a5b63fcd6c64b86942ad07610f48) Importer(815301076,1909f56bfc062723c751e8b465ee728b)
Start importing Assets/GAME/Material/yuandian_0.mat using Guid(5d40a5b63fcd6c64b86942ad07610f48) Importer(815301076,1909f56bfc062723c751e8b465ee728b)  -> (artifact id: '87df9f353325a2df80f00796a6175cbd') in 0.015200 seconds 
========================================================================
Received Import Request.
  Time since last request: 0.000193 seconds.
  path: Assets/GAME/Material/Main 1.mat
  artifactKey: Guid(db84811c61043a149b5ae5d51e2bc8f6) Importer(815301076,1909f56bfc062723c751e8b465ee728b)
Start importing Assets/GAME/Material/Main 1.mat using Guid(db84811c61043a149b5ae5d51e2bc8f6) Importer(815301076,1909f56bfc062723c751e8b465ee728b)  -> (artifact id: '5900bdc1519046d8bf7604a5c1e08406') in 0.359715 seconds 
========================================================================
Received Import Request.
  Time since last request: 0.000178 seconds.
  path: Assets/GAME/Material/guang.mat
  artifactKey: Guid(2cc5e05a6d1c6b04d9edfe7e18a957c8) Importer(815301076,1909f56bfc062723c751e8b465ee728b)
Start importing Assets/GAME/Material/guang.mat using Guid(2cc5e05a6d1c6b04d9edfe7e18a957c8) Importer(815301076,1909f56bfc062723c751e8b465ee728b)  -> (artifact id: '8b1073a86e23e370ae67433bcd282781') in 0.033804 seconds 
========================================================================
Received Import Request.
  Time since last request: 0.000129 seconds.
  path: Assets/GAME/Material/Zhuanjiao Material.mat
  artifactKey: Guid(72750a44db1d47d49b419c1447ff14e1) Importer(815301076,1909f56bfc062723c751e8b465ee728b)
Start importing Assets/GAME/Material/Zhuanjiao Material.mat using Guid(72750a44db1d47d49b419c1447ff14e1) Importer(815301076,1909f56bfc062723c751e8b465ee728b)  -> (artifact id: '1043e4017432649477d9085b67fadfac') in 0.018006 seconds 
========================================================================
Received Import Request.
  Time since last request: 0.000164 seconds.
  path: Assets/GAME/Material/skeleton_Material_0.mat
  artifactKey: Guid(d9a1c174e6c194d468cfea9acff539eb) Importer(815301076,1909f56bfc062723c751e8b465ee728b)
Start importing Assets/GAME/Material/skeleton_Material_0.mat using Guid(d9a1c174e6c194d468cfea9acff539eb) Importer(815301076,1909f56bfc062723c751e8b465ee728b)  -> (artifact id: '380fb2a97d7239bb66db2a2ef55b16a9') in 0.028937 seconds 
========================================================================
Received Import Request.
  Time since last request: 0.000154 seconds.
  path: Assets/GAME/Material/baoxiang(2).mat
  artifactKey: Guid(811971132ffa12f44b0a748d357c187c) Importer(815301076,1909f56bfc062723c751e8b465ee728b)
Start importing Assets/GAME/Material/baoxiang(2).mat using Guid(811971132ffa12f44b0a748d357c187c) Importer(815301076,1909f56bfc062723c751e8b465ee728b)  -> (artifact id: 'a919a250fbc36ae9701caf36922d2636') in 0.022033 seconds 
========================================================================
Received Import Request.
  Time since last request: 0.000192 seconds.
  path: Assets/GAME/Material/button2.mat
  artifactKey: Guid(e949a7731aa41794db0ab7dd5dffbd31) Importer(815301076,1909f56bfc062723c751e8b465ee728b)
Start importing Assets/GAME/Material/button2.mat using Guid(e949a7731aa41794db0ab7dd5dffbd31) Importer(815301076,1909f56bfc062723c751e8b465ee728b)  -> (artifact id: '6f99f6e58824cdaa8bff90c4c75c8414') in 0.017454 seconds 
========================================================================
Received Import Request.
  Time since last request: 0.000218 seconds.
  path: Assets/GAME/Material/gecao.mat
  artifactKey: Guid(8d256d4575ff09e459ef408906d34237) Importer(815301076,1909f56bfc062723c751e8b465ee728b)
Start importing Assets/GAME/Material/gecao.mat using Guid(8d256d4575ff09e459ef408906d34237) Importer(815301076,1909f56bfc062723c751e8b465ee728b)  -> (artifact id: 'e07d215e6dbdc3be5284d46f78f216a9') in 0.051616 seconds 
========================================================================
Received Import Request.
  Time since last request: 0.000595 seconds.
  path: Assets/GAME/Material/light07.mat
  artifactKey: Guid(a5a5ec1103b73bd4bbc26d2a77c42e1f) Importer(815301076,1909f56bfc062723c751e8b465ee728b)
Start importing Assets/GAME/Material/light07.mat using Guid(a5a5ec1103b73bd4bbc26d2a77c42e1f) Importer(815301076,1909f56bfc062723c751e8b465ee728b)  -> (artifact id: '254ece81e80f8b8cf758688083839377') in 0.061179 seconds 
========================================================================
Received Import Request.
  Time since last request: 0.000308 seconds.
  path: Assets/GAME/Material/shui.mat
  artifactKey: Guid(623f271027ad65f46994a53d79d27ccb) Importer(815301076,1909f56bfc062723c751e8b465ee728b)
Start importing Assets/GAME/Material/shui.mat using Guid(623f271027ad65f46994a53d79d27ccb) Importer(815301076,1909f56bfc062723c751e8b465ee728b)  -> (artifact id: 'd29a619fbfa0748f634af6b3bd343601') in 0.033134 seconds 
========================================================================
Received Import Request.
  Time since last request: 0.000170 seconds.
  path: Assets/GAME/Material/jinbi03.mat
  artifactKey: Guid(2dc06f7fc87e73a44b75a0abe09c64be) Importer(815301076,1909f56bfc062723c751e8b465ee728b)
Start importing Assets/GAME/Material/jinbi03.mat using Guid(2dc06f7fc87e73a44b75a0abe09c64be) Importer(815301076,1909f56bfc062723c751e8b465ee728b)  -> (artifact id: 'f7f4b4b0c2d06cdb32422f68c8319053') in 0.064401 seconds 
========================================================================
Received Import Request.
  Time since last request: 0.000385 seconds.
  path: Assets/GAME/Material/glow1.mat
  artifactKey: Guid(a71b82548ce31d442beddb9b0044c287) Importer(815301076,1909f56bfc062723c751e8b465ee728b)
Start importing Assets/GAME/Material/glow1.mat using Guid(a71b82548ce31d442beddb9b0044c287) Importer(815301076,1909f56bfc062723c751e8b465ee728b)  -> (artifact id: '0841df951af75d84ffa64ec4faabfc71') in 0.019915 seconds 
========================================================================
Received Import Request.
  Time since last request: 0.000191 seconds.
  path: Assets/GAME/Material/di.mat
  artifactKey: Guid(6a9d1c6c4f36e9f44af481b0d280f276) Importer(815301076,1909f56bfc062723c751e8b465ee728b)
Start importing Assets/GAME/Material/di.mat using Guid(6a9d1c6c4f36e9f44af481b0d280f276) Importer(815301076,1909f56bfc062723c751e8b465ee728b)  -> (artifact id: 'f57d6af2b4b0fd4549e8f7617293b832') in 0.037918 seconds 
========================================================================
Received Import Request.
  Time since last request: 0.000230 seconds.
  path: Assets/GAME/Material/newbody_001_0.mat
  artifactKey: Guid(68f12277be5084547908aabcac6fb8ce) Importer(815301076,1909f56bfc062723c751e8b465ee728b)
Start importing Assets/GAME/Material/newbody_001_0.mat using Guid(68f12277be5084547908aabcac6fb8ce) Importer(815301076,1909f56bfc062723c751e8b465ee728b)  -> (artifact id: 'b1eebbca9d891c4ebd231bcf23629b1d') in 0.020256 seconds 
========================================================================
Received Import Request.
  Time since last request: 0.000162 seconds.
  path: Assets/GAME/Material/fk02.mat
  artifactKey: Guid(23dd23f05156b1f4fb92a136afce9df6) Importer(815301076,1909f56bfc062723c751e8b465ee728b)
Start importing Assets/GAME/Material/fk02.mat using Guid(23dd23f05156b1f4fb92a136afce9df6) Importer(815301076,1909f56bfc062723c751e8b465ee728b)  -> (artifact id: '0095e3ff425f7984e050e1a880580920') in 0.014734 seconds 
========================================================================
Received Import Request.
  Time since last request: 0.000210 seconds.
  path: Assets/GAME/Material/kuang2.mat
  artifactKey: Guid(700c32fa802a49f4489d1afaf58e6b17) Importer(815301076,1909f56bfc062723c751e8b465ee728b)
Start importing Assets/GAME/Material/kuang2.mat using Guid(700c32fa802a49f4489d1afaf58e6b17) Importer(815301076,1909f56bfc062723c751e8b465ee728b)  -> (artifact id: 'a895b2b78b7918dbe0fa84e4de2702a9') in 0.012118 seconds 
========================================================================
Received Import Request.
  Time since last request: 0.000214 seconds.
  path: Assets/GAME/Material/lihua6.mat
  artifactKey: Guid(69d791bbb5ec00f44855ce60a4711484) Importer(815301076,1909f56bfc062723c751e8b465ee728b)
Start importing Assets/GAME/Material/lihua6.mat using Guid(69d791bbb5ec00f44855ce60a4711484) Importer(815301076,1909f56bfc062723c751e8b465ee728b)  -> (artifact id: '29ad8fd8ada4fc1954cc308b50934e79') in 0.043341 seconds 
========================================================================
Received Import Request.
  Time since last request: 0.000301 seconds.
  path: Assets/GAME/Material/shuaguang.mat
  artifactKey: Guid(8527ab32d59b79847b8fed7df156456d) Importer(815301076,1909f56bfc062723c751e8b465ee728b)
Start importing Assets/GAME/Material/shuaguang.mat using Guid(8527ab32d59b79847b8fed7df156456d) Importer(815301076,1909f56bfc062723c751e8b465ee728b)  -> (artifact id: 'eda7d98ea11239c3853529bc42d8f02c') in 0.019345 seconds 
========================================================================
Received Import Request.
  Time since last request: 0.000231 seconds.
  path: Assets/GAME/Mesh
  artifactKey: Guid(0e1bf46391e75a64d8c47aec7e96dd5f) Importer(815301076,1909f56bfc062723c751e8b465ee728b)
Start importing Assets/GAME/Mesh using Guid(0e1bf46391e75a64d8c47aec7e96dd5f) Importer(815301076,1909f56bfc062723c751e8b465ee728b)  -> (artifact id: '7563cbb65cdaf3370b99e6930d1e7c23') in 0.006229 seconds 
========================================================================
Received Import Request.
  Time since last request: 0.000264 seconds.
  path: Assets/GAME/Material/skeleton_Material.mat
  artifactKey: Guid(8d222e0094520cd46aef8afd8f5a39e6) Importer(815301076,1909f56bfc062723c751e8b465ee728b)
Start importing Assets/GAME/Material/skeleton_Material.mat using Guid(8d222e0094520cd46aef8afd8f5a39e6) Importer(815301076,1909f56bfc062723c751e8b465ee728b)  -> (artifact id: '7245dd5fda2ad3cbba79072c7a9c0589') in 0.017549 seconds 
========================================================================
Received Import Request.
  Time since last request: 0.000159 seconds.
  path: Assets/GAME/Material/xiaoxiao01.mat
  artifactKey: Guid(33fa2f5e0b241554d84fde2e727b77a5) Importer(815301076,1909f56bfc062723c751e8b465ee728b)
Start importing Assets/GAME/Material/xiaoxiao01.mat using Guid(33fa2f5e0b241554d84fde2e727b77a5) Importer(815301076,1909f56bfc062723c751e8b465ee728b)  -> (artifact id: 'e0478c00796b47c782102e5d19074ee9') in 0.032088 seconds 
========================================================================
Received Import Request.
  Time since last request: 0.000218 seconds.
  path: Assets/GAME/Mesh/Box541_0.asset
  artifactKey: Guid(8ac7af78ae786f64abba198d67eb9856) Importer(815301076,1909f56bfc062723c751e8b465ee728b)
Start importing Assets/GAME/Mesh/Box541_0.asset using Guid(8ac7af78ae786f64abba198d67eb9856) Importer(815301076,1909f56bfc062723c751e8b465ee728b)  -> (artifact id: '653f2e49ec426cf9dc4dcd7cd2537ba5') in 0.064680 seconds 
========================================================================
Received Import Request.
  Time since last request: 0.000191 seconds.
  path: Assets/GAME/Mesh/head_001_0.asset
  artifactKey: Guid(f42d2dcd78cb0e14e984619e216d1955) Importer(815301076,1909f56bfc062723c751e8b465ee728b)
Start importing Assets/GAME/Mesh/head_001_0.asset using Guid(f42d2dcd78cb0e14e984619e216d1955) Importer(815301076,1909f56bfc062723c751e8b465ee728b)  -> (artifact id: 'f4b8c2a9be9ceeb56d7e6cd8dfceb5f9') in 0.032022 seconds 
========================================================================
Received Import Request.
  Time since last request: 0.000196 seconds.
  path: Assets/GAME/Mesh/pPlane8.asset
  artifactKey: Guid(743254121e4b5e74893f33db3fa6fc31) Importer(815301076,1909f56bfc062723c751e8b465ee728b)
Start importing Assets/GAME/Mesh/pPlane8.asset using Guid(743254121e4b5e74893f33db3fa6fc31) Importer(815301076,1909f56bfc062723c751e8b465ee728b)  -> (artifact id: '08d5bc1de14a9fc206d98c21f7c7617f') in 0.022079 seconds 
========================================================================
Received Import Request.
  Time since last request: 0.000163 seconds.
  path: Assets/GAME/Mesh/newbody_001.asset
  artifactKey: Guid(70fad569e90575341907a6c5504addc4) Importer(815301076,1909f56bfc062723c751e8b465ee728b)
Start importing Assets/GAME/Mesh/newbody_001.asset using Guid(70fad569e90575341907a6c5504addc4) Importer(815301076,1909f56bfc062723c751e8b465ee728b)  -> (artifact id: '37317d7516bf908860e0c7ccafeb544a') in 0.013820 seconds 
========================================================================
Received Import Request.
  Time since last request: 0.000198 seconds.
  path: Assets/GAME/Mesh/right_chibang.asset
  artifactKey: Guid(7d04f14d535bae740a1a83424adb6f05) Importer(815301076,1909f56bfc062723c751e8b465ee728b)
Start importing Assets/GAME/Mesh/right_chibang.asset using Guid(7d04f14d535bae740a1a83424adb6f05) Importer(815301076,1909f56bfc062723c751e8b465ee728b)  -> (artifact id: '46918c0b0b1b2e2e0faaf43e3c3150d6') in 0.019113 seconds 
========================================================================
Received Import Request.
  Time since last request: 0.000192 seconds.
  path: Assets/GAME/Mesh/zui_shang.asset
  artifactKey: Guid(df9b35a9d9af32146b7130e6282952d9) Importer(815301076,1909f56bfc062723c751e8b465ee728b)
Start importing Assets/GAME/Mesh/zui_shang.asset using Guid(df9b35a9d9af32146b7130e6282952d9) Importer(815301076,1909f56bfc062723c751e8b465ee728b)  -> (artifact id: '2f78fd9fdd33bf0f6bc8164ffcc75032') in 0.016231 seconds 
========================================================================
Received Import Request.
  Time since last request: 0.000180 seconds.
  path: Assets/GAME/Mesh/Box541.asset
  artifactKey: Guid(f97c3c57695ccae448a8f88d3e579f04) Importer(815301076,1909f56bfc062723c751e8b465ee728b)
Start importing Assets/GAME/Mesh/Box541.asset using Guid(f97c3c57695ccae448a8f88d3e579f04) Importer(815301076,1909f56bfc062723c751e8b465ee728b)  -> (artifact id: '8dd38f307a919a022016e0fffb0ec253') in 0.023387 seconds 
========================================================================
Received Import Request.
  Time since last request: 0.000186 seconds.
  path: Assets/GAME/Mesh/wu01.asset
  artifactKey: Guid(35768a079a73a7448a11a6135aa5bf8d) Importer(815301076,1909f56bfc062723c751e8b465ee728b)
Start importing Assets/GAME/Mesh/wu01.asset using Guid(35768a079a73a7448a11a6135aa5bf8d) Importer(815301076,1909f56bfc062723c751e8b465ee728b)  -> (artifact id: '5eba08944de9c562f9b6393124585351') in 0.019460 seconds 
========================================================================
Received Import Request.
  Time since last request: 0.000177 seconds.
  path: Assets/GAME/Mesh/newbody_001_0.asset
  artifactKey: Guid(b057b340d8db96d42bfaf28a035a6bc5) Importer(815301076,1909f56bfc062723c751e8b465ee728b)
Start importing Assets/GAME/Mesh/newbody_001_0.asset using Guid(b057b340d8db96d42bfaf28a035a6bc5) Importer(815301076,1909f56bfc062723c751e8b465ee728b)  -> (artifact id: 'de626acc3aae7c64e4fb16de8449e27a') in 0.022735 seconds 
========================================================================
Received Import Request.
  Time since last request: 0.000186 seconds.
  path: Assets/GAME/Mesh/head_001.asset
  artifactKey: Guid(88d301e0f068e544097a758131125cf7) Importer(815301076,1909f56bfc062723c751e8b465ee728b)
Start importing Assets/GAME/Mesh/head_001.asset using Guid(88d301e0f068e544097a758131125cf7) Importer(815301076,1909f56bfc062723c751e8b465ee728b)  -> (artifact id: '5ee96f0973f59f0776064d7e55d7aab0') in 0.021851 seconds 
========================================================================
Received Import Request.
  Time since last request: 0.000252 seconds.
  path: Assets/GAME/Mesh/qidian.asset
  artifactKey: Guid(e18bea47405f77546b2dec82e60fc59e) Importer(815301076,1909f56bfc062723c751e8b465ee728b)
Start importing Assets/GAME/Mesh/qidian.asset using Guid(e18bea47405f77546b2dec82e60fc59e) Importer(815301076,1909f56bfc062723c751e8b465ee728b)  -> (artifact id: 'c797c8133ce4f5ff98995b98bfdfe803') in 0.021709 seconds 
========================================================================
Received Import Request.
  Time since last request: 0.000181 seconds.
  path: Assets/GAME/Mesh/baoxiang_dakai.asset
  artifactKey: Guid(93a745b96f9a5b64a83d9ec074dc886f) Importer(815301076,1909f56bfc062723c751e8b465ee728b)
Start importing Assets/GAME/Mesh/baoxiang_dakai.asset using Guid(93a745b96f9a5b64a83d9ec074dc886f) Importer(815301076,1909f56bfc062723c751e8b465ee728b)  -> (artifact id: '2cec7ee16805323bd197c851df37b6e1') in 0.029068 seconds 
========================================================================
Received Import Request.
  Time since last request: 0.000235 seconds.
  path: Assets/GAME/Mesh/lihe.asset
  artifactKey: Guid(9a68b96ecf68773498144602aaeb2108) Importer(815301076,1909f56bfc062723c751e8b465ee728b)
Start importing Assets/GAME/Mesh/lihe.asset using Guid(9a68b96ecf68773498144602aaeb2108) Importer(815301076,1909f56bfc062723c751e8b465ee728b)  -> (artifact id: '552602276439b642f8f0a88ed2c5c128') in 0.015744 seconds 
========================================================================
Received Import Request.
  Time since last request: 0.000313 seconds.
  path: Assets/GAME/Mesh/right_chibang001.asset
  artifactKey: Guid(2fecb0d85acd4e846aa62c4cc8c22bb7) Importer(815301076,1909f56bfc062723c751e8b465ee728b)
Start importing Assets/GAME/Mesh/right_chibang001.asset using Guid(2fecb0d85acd4e846aa62c4cc8c22bb7) Importer(815301076,1909f56bfc062723c751e8b465ee728b)  -> (artifact id: '7f2cce40e3c85dc43600c662bbddf814') in 0.022837 seconds 
========================================================================
Received Import Request.
  Time since last request: 0.000269 seconds.
  path: Assets/GAME/Mesh/di.asset
  artifactKey: Guid(96ba56b6f3355424086c0991c426baa9) Importer(815301076,1909f56bfc062723c751e8b465ee728b)
Start importing Assets/GAME/Mesh/di.asset using Guid(96ba56b6f3355424086c0991c426baa9) Importer(815301076,1909f56bfc062723c751e8b465ee728b)  -> (artifact id: '4e4ca1a2341891e1c45329994d492674') in 0.020898 seconds 
========================================================================
Received Import Request.
  Time since last request: 0.000206 seconds.
  path: Assets/GAME/Mesh/qiao1.asset
  artifactKey: Guid(99642a19fc9cb674f955144884f1cc32) Importer(815301076,1909f56bfc062723c751e8b465ee728b)
Start importing Assets/GAME/Mesh/qiao1.asset using Guid(99642a19fc9cb674f955144884f1cc32) Importer(815301076,1909f56bfc062723c751e8b465ee728b)  -> (artifact id: '8f6efeebd5556d3d193c6bf872c21926') in 0.022143 seconds 
========================================================================
Received Import Request.
  Time since last request: 0.000237 seconds.
  path: Assets/GAME/Mesh/fangkuai.asset
  artifactKey: Guid(ba5c5b334dbdd994495924262c79af1e) Importer(815301076,1909f56bfc062723c751e8b465ee728b)
Start importing Assets/GAME/Mesh/fangkuai.asset using Guid(ba5c5b334dbdd994495924262c79af1e) Importer(815301076,1909f56bfc062723c751e8b465ee728b)  -> (artifact id: 'b45706424ff84fb0bfe52d6f10c3674c') in 0.023632 seconds 
========================================================================
Received Import Request.
  Time since last request: 0.000172 seconds.
  path: Assets/GAME/Mesh/dimian_B.asset
  artifactKey: Guid(976eb5dd5e0d00040a33ad7e823a02b0) Importer(815301076,1909f56bfc062723c751e8b465ee728b)
Start importing Assets/GAME/Mesh/dimian_B.asset using Guid(976eb5dd5e0d00040a33ad7e823a02b0) Importer(815301076,1909f56bfc062723c751e8b465ee728b)  -> (artifact id: '553da078361cfd7cc042620fa5fb4687') in 0.016814 seconds 
========================================================================
Received Import Request.
  Time since last request: 0.000206 seconds.
  path: Assets/GAME/Mesh/body.asset
  artifactKey: Guid(e37161de4a66d074da07bc94f4aed793) Importer(815301076,1909f56bfc062723c751e8b465ee728b)
Start importing Assets/GAME/Mesh/body.asset using Guid(e37161de4a66d074da07bc94f4aed793) Importer(815301076,1909f56bfc062723c751e8b465ee728b)  -> (artifact id: 'f29da74d9033afc23aadfe6431ee4ef7') in 0.015375 seconds 
========================================================================
Received Import Request.
  Time since last request: 0.000178 seconds.
  path: Assets/GAME/Mesh/baoxiang.asset
  artifactKey: Guid(e4cfc5534eae38e4b99b76aa041f06ca) Importer(815301076,1909f56bfc062723c751e8b465ee728b)
Start importing Assets/GAME/Mesh/baoxiang.asset using Guid(e4cfc5534eae38e4b99b76aa041f06ca) Importer(815301076,1909f56bfc062723c751e8b465ee728b)  -> (artifact id: '110a9b87db2faa2cea53082cfb03ed0c') in 0.016708 seconds 
========================================================================
Received Import Request.
  Time since last request: 0.000199 seconds.
  path: Assets/GAME/Mesh/default.asset
  artifactKey: Guid(5e82773f2a0f8a349a546e034b8b9e4d) Importer(815301076,1909f56bfc062723c751e8b465ee728b)
Start importing Assets/GAME/Mesh/default.asset using Guid(5e82773f2a0f8a349a546e034b8b9e4d) Importer(815301076,1909f56bfc062723c751e8b465ee728b)  -> (artifact id: '417a15f754e74cee79427bd0ece51a75') in 0.023383 seconds 
========================================================================
Received Import Request.
  Time since last request: 0.000207 seconds.
  path: Assets/GAME/Mesh/lihe_youbian.asset
  artifactKey: Guid(bf8eeb2c8bccb1942a2a5426934212e6) Importer(815301076,1909f56bfc062723c751e8b465ee728b)
Start importing Assets/GAME/Mesh/lihe_youbian.asset using Guid(bf8eeb2c8bccb1942a2a5426934212e6) Importer(815301076,1909f56bfc062723c751e8b465ee728b)  -> (artifact id: '6ccf7d8a72d94461a87e2a3775f898df') in 0.033564 seconds 
========================================================================
Received Import Request.
  Time since last request: 0.000221 seconds.
  path: Assets/GAME/Mesh/lihe_zuobian.asset
  artifactKey: Guid(212f2ab77e01df74faec00917ba3b325) Importer(815301076,1909f56bfc062723c751e8b465ee728b)
Start importing Assets/GAME/Mesh/lihe_zuobian.asset using Guid(212f2ab77e01df74faec00917ba3b325) Importer(815301076,1909f56bfc062723c751e8b465ee728b)  -> (artifact id: 'c2a263f8acee2307682b7685a226c28a') in 0.017291 seconds 
========================================================================
Received Import Request.
  Time since last request: 0.000243 seconds.
  path: Assets/GAME/Mesh/zui_xia.asset
  artifactKey: Guid(5a35d721227174e4598bf7f726be8998) Importer(815301076,1909f56bfc062723c751e8b465ee728b)
Start importing Assets/GAME/Mesh/zui_xia.asset using Guid(5a35d721227174e4598bf7f726be8998) Importer(815301076,1909f56bfc062723c751e8b465ee728b)  -> (artifact id: '4527f4ff188cce17f43a3e37ecb78dc3') in 0.023777 seconds 
========================================================================
Received Import Request.
  Time since last request: 0.000196 seconds.
  path: Assets/GAME/Mesh/Cylinder03.asset
  artifactKey: Guid(15c2d410f49f35a42a9f0311d1a88631) Importer(815301076,1909f56bfc062723c751e8b465ee728b)
Start importing Assets/GAME/Mesh/Cylinder03.asset using Guid(15c2d410f49f35a42a9f0311d1a88631) Importer(815301076,1909f56bfc062723c751e8b465ee728b)  -> (artifact id: '27e256f805cc0461099539d0737d19e2') in 0.018579 seconds 
========================================================================
Received Import Request.
  Time since last request: 0.000200 seconds.
  path: Assets/GAME/Material/zlzq01.mat
  artifactKey: Guid(df28571bead45314988e359b2972a0b3) Importer(815301076,1909f56bfc062723c751e8b465ee728b)
Start importing Assets/GAME/Material/zlzq01.mat using Guid(df28571bead45314988e359b2972a0b3) Importer(815301076,1909f56bfc062723c751e8b465ee728b)  -> (artifact id: '4efe09dd042dc180d957b20a18524a55') in 0.014727 seconds 
========================================================================
Received Import Request.
  Time since last request: 0.000244 seconds.
  path: Assets/GAME/Material/guangdian1.mat
  artifactKey: Guid(b569b157bf07ec140a83de7631590e27) Importer(815301076,1909f56bfc062723c751e8b465ee728b)
Start importing Assets/GAME/Material/guangdian1.mat using Guid(b569b157bf07ec140a83de7631590e27) Importer(815301076,1909f56bfc062723c751e8b465ee728b)  -> (artifact id: '8219495bfdfece354b6b7d156dc12fe7') in 0.033467 seconds 
========================================================================
Received Import Request.
  Time since last request: 0.000236 seconds.
  path: Assets/GAME/Material/Zhangai Material.mat
  artifactKey: Guid(6007c1c332562174ea4ac7d4b4d129ed) Importer(815301076,1909f56bfc062723c751e8b465ee728b)
Start importing Assets/GAME/Material/Zhangai Material.mat using Guid(6007c1c332562174ea4ac7d4b4d129ed) Importer(815301076,1909f56bfc062723c751e8b465ee728b)  -> (artifact id: '0c2a06e465ca9ccf415bba6408b6b72d') in 0.017569 seconds 
========================================================================
Received Import Request.
  Time since last request: 0.000139 seconds.
  path: Assets/GAME/Material/dimian Material.mat
  artifactKey: Guid(fae09c486b3c48d4ca9f50e383f9b827) Importer(815301076,1909f56bfc062723c751e8b465ee728b)
Start importing Assets/GAME/Material/dimian Material.mat using Guid(fae09c486b3c48d4ca9f50e383f9b827) Importer(815301076,1909f56bfc062723c751e8b465ee728b)  -> (artifact id: 'e3e7a9726880dca0f9f7505ae95807d3') in 0.061980 seconds 
========================================================================
Received Import Request.
  Time since last request: 2.871653 seconds.
  path: Assets/GAME/Resources
  artifactKey: Guid(9cf95e10fc15b20449a7377281218549) Importer(815301076,1909f56bfc062723c751e8b465ee728b)
Start importing Assets/GAME/Resources using Guid(9cf95e10fc15b20449a7377281218549) Importer(815301076,1909f56bfc062723c751e8b465ee728b)  -> (artifact id: 'daa6f0c9657316c0bbdea681b864c2dc') in 0.008282 seconds 
========================================================================
Received Import Request.
  Time since last request: 1.128664 seconds.
  path: Assets/GAME/Resources/Font
  artifactKey: Guid(863c6ad79b439a64f83690d1d3d384ea) Importer(815301076,1909f56bfc062723c751e8b465ee728b)
Start importing Assets/GAME/Resources/Font using Guid(863c6ad79b439a64f83690d1d3d384ea) Importer(815301076,1909f56bfc062723c751e8b465ee728b)  -> (artifact id: '1ee79563c393895fc2dd8a19cc126836') in 0.009847 seconds 
========================================================================
Received Import Request.
  Time since last request: 0.063040 seconds.
  path: Assets/GAME/Resources/Font/+.png
  artifactKey: Guid(2500a2b542cede949bde33460ef73001) Importer(815301076,1909f56bfc062723c751e8b465ee728b)
Start importing Assets/GAME/Resources/Font/+.png using Guid(2500a2b542cede949bde33460ef73001) Importer(815301076,1909f56bfc062723c751e8b465ee728b)  -> (artifact id: '90bbeaac973b984ef65a1935434674bc') in 0.064513 seconds 
========================================================================
Received Import Request.
  Time since last request: 0.000198 seconds.
  path: Assets/GAME/Resources/Font/(1).png
  artifactKey: Guid(9ab364a58df565947abae6f291a260c7) Importer(815301076,1909f56bfc062723c751e8b465ee728b)
Start importing Assets/GAME/Resources/Font/(1).png using Guid(9ab364a58df565947abae6f291a260c7) Importer(815301076,1909f56bfc062723c751e8b465ee728b)  -> (artifact id: '7f23874d0078b5cf464f95622942a689') in 0.020115 seconds 
========================================================================
Received Import Request.
  Time since last request: 0.000170 seconds.
  path: Assets/GAME/Resources/Font/4.png
  artifactKey: Guid(98a7f6a8128846c45840b4ff59a8bf0a) Importer(815301076,1909f56bfc062723c751e8b465ee728b)
Start importing Assets/GAME/Resources/Font/4.png using Guid(98a7f6a8128846c45840b4ff59a8bf0a) Importer(815301076,1909f56bfc062723c751e8b465ee728b)  -> (artifact id: '0e8e2b1f4025b4cbffb6b49924d7b2ec') in 0.011546 seconds 
========================================================================
Received Import Request.
  Time since last request: 0.000197 seconds.
  path: Assets/GAME/Resources/Font/7.png
  artifactKey: Guid(dd25e4483db4a4246a2dcf51f5da2395) Importer(815301076,1909f56bfc062723c751e8b465ee728b)
Start importing Assets/GAME/Resources/Font/7.png using Guid(dd25e4483db4a4246a2dcf51f5da2395) Importer(815301076,1909f56bfc062723c751e8b465ee728b)  -> (artifact id: 'c7ff2f59b1f81c6228419005085f948c') in 0.013209 seconds 
========================================================================
Received Import Request.
  Time since last request: 0.000257 seconds.
  path: Assets/GAME/Resources/Font/getfont.mat
  artifactKey: Guid(e13199e97df33674a874cbfb72704a97) Importer(815301076,1909f56bfc062723c751e8b465ee728b)
Start importing Assets/GAME/Resources/Font/getfont.mat using Guid(e13199e97df33674a874cbfb72704a97) Importer(815301076,1909f56bfc062723c751e8b465ee728b)  -> (artifact id: 'd0f2134430c11f29afe5b9cf96188162') in 0.032673 seconds 
========================================================================
Received Import Request.
  Time since last request: 0.000218 seconds.
  path: Assets/GAME/Resources/Font/6.png
  artifactKey: Guid(10fe2add151745e488f6d094a198751c) Importer(815301076,1909f56bfc062723c751e8b465ee728b)
Start importing Assets/GAME/Resources/Font/6.png using Guid(10fe2add151745e488f6d094a198751c) Importer(815301076,1909f56bfc062723c751e8b465ee728b)  -> (artifact id: 'd7702d3212b34f64b930d52c53ce333b') in 0.030111 seconds 
========================================================================
Received Import Request.
  Time since last request: 0.000246 seconds.
  path: Assets/GAME/Resources/Font/0.png
  artifactKey: Guid(c616d340884ee45498d499c986653482) Importer(815301076,1909f56bfc062723c751e8b465ee728b)
Start importing Assets/GAME/Resources/Font/0.png using Guid(c616d340884ee45498d499c986653482) Importer(815301076,1909f56bfc062723c751e8b465ee728b)  -> (artifact id: '231b5f02ee639bea2e9a735c518a8ce3') in 0.017949 seconds 
========================================================================
Received Import Request.
  Time since last request: 0.000195 seconds.
  path: Assets/GAME/Resources/Font/5.png
  artifactKey: Guid(37f2e33779647884c8b0e7040dd7f2a5) Importer(815301076,1909f56bfc062723c751e8b465ee728b)
Start importing Assets/GAME/Resources/Font/5.png using Guid(37f2e33779647884c8b0e7040dd7f2a5) Importer(815301076,1909f56bfc062723c751e8b465ee728b)  -> (artifact id: '49eaff22fd1bf9b96f3253ebce3dde6e') in 0.017875 seconds 
========================================================================
Received Import Request.
  Time since last request: 0.000206 seconds.
  path: Assets/GAME/Resources/Font/getfont.asset
  artifactKey: Guid(62500ed860023c7479e77e2c30dc6c9e) Importer(815301076,1909f56bfc062723c751e8b465ee728b)
Start importing Assets/GAME/Resources/Font/getfont.asset using Guid(62500ed860023c7479e77e2c30dc6c9e) Importer(815301076,1909f56bfc062723c751e8b465ee728b)  -> (artifact id: '48c6140b1b406854399c031751568f8f') in 0.002422 seconds 
========================================================================
Received Import Request.
  Time since last request: 0.000179 seconds.
  path: Assets/GAME/Resources/Font/2.png
  artifactKey: Guid(516456f2a900cbd44b950e6f9b441c77) Importer(815301076,1909f56bfc062723c751e8b465ee728b)
Start importing Assets/GAME/Resources/Font/2.png using Guid(516456f2a900cbd44b950e6f9b441c77) Importer(815301076,1909f56bfc062723c751e8b465ee728b)  -> (artifact id: '70b74a836810c28e476a9b8a3df2deeb') in 0.019578 seconds 
========================================================================
Received Import Request.
  Time since last request: 0.000227 seconds.
  path: Assets/GAME/Resources/Font/3.png
  artifactKey: Guid(8c448fce16bbd514193eb8b879c40ce8) Importer(815301076,1909f56bfc062723c751e8b465ee728b)
Start importing Assets/GAME/Resources/Font/3.png using Guid(8c448fce16bbd514193eb8b879c40ce8) Importer(815301076,1909f56bfc062723c751e8b465ee728b)  -> (artifact id: '91e8c8c29cf1ff7a0565347ae8c389b4') in 0.019259 seconds 
========================================================================
Received Import Request.
  Time since last request: 0.000212 seconds.
  path: Assets/GAME/Resources/Font/8.png
  artifactKey: Guid(388cde3223892f74898a4ea5db16eacd) Importer(815301076,1909f56bfc062723c751e8b465ee728b)
Start importing Assets/GAME/Resources/Font/8.png using Guid(388cde3223892f74898a4ea5db16eacd) Importer(815301076,1909f56bfc062723c751e8b465ee728b)  -> (artifact id: 'd2c1f80a0022ee68c7fa0457c68ff3e6') in 0.015552 seconds 
========================================================================
Received Import Request.
  Time since last request: 0.000163 seconds.
  path: Assets/GAME/Resources/Font/getfont.png
  artifactKey: Guid(26ce0da0140584f40bda14aac0a0f203) Importer(815301076,1909f56bfc062723c751e8b465ee728b)
Start importing Assets/GAME/Resources/Font/getfont.png using Guid(26ce0da0140584f40bda14aac0a0f203) Importer(815301076,1909f56bfc062723c751e8b465ee728b)  -> (artifact id: '64a23974e9d8d7803080a86395209601') in 0.011296 seconds 
========================================================================
Received Import Request.
  Time since last request: 0.000261 seconds.
  path: Assets/GAME/Resources/Font/1.png
  artifactKey: Guid(7410e2381e54f5b4bbd35957348d17f4) Importer(815301076,1909f56bfc062723c751e8b465ee728b)
Start importing Assets/GAME/Resources/Font/1.png using Guid(7410e2381e54f5b4bbd35957348d17f4) Importer(815301076,1909f56bfc062723c751e8b465ee728b)  -> (artifact id: 'efab38bf7e3e0f15c23c3540f81b7d13') in 0.016071 seconds 
========================================================================
Received Import Request.
  Time since last request: 0.000241 seconds.
  path: Assets/GAME/Resources/Font/9.png
  artifactKey: Guid(2e6208857e97c2640afd01bb27e59317) Importer(815301076,1909f56bfc062723c751e8b465ee728b)
Start importing Assets/GAME/Resources/Font/9.png using Guid(2e6208857e97c2640afd01bb27e59317) Importer(815301076,1909f56bfc062723c751e8b465ee728b)  -> (artifact id: 'ac09e956a506c5cf742058ba788c55db') in 0.015297 seconds 
========================================================================
Received Import Request.
  Time since last request: 4.870443 seconds.
  path: Assets/GAME/Resources/Prefab
  artifactKey: Guid(bf5d03451ce6d624e92fbba62cc951fc) Importer(815301076,1909f56bfc062723c751e8b465ee728b)
Start importing Assets/GAME/Resources/Prefab using Guid(bf5d03451ce6d624e92fbba62cc951fc) Importer(815301076,1909f56bfc062723c751e8b465ee728b)  -> (artifact id: 'a5bd2a3ef0ac0b6b0ac7a9089022a136') in 0.007040 seconds 
========================================================================
Received Import Request.
  Time since last request: 0.061661 seconds.
  path: Assets/GAME/Resources/Prefab/Brick.prefab
  artifactKey: Guid(8aad5fca35890fd4389dabb982d52236) Importer(815301076,1909f56bfc062723c751e8b465ee728b)
Start importing Assets/GAME/Resources/Prefab/Brick.prefab using Guid(8aad5fca35890fd4389dabb982d52236) Importer(815301076,1909f56bfc062723c751e8b465ee728b)  -> (artifact id: 'a28b7853c2343791e15ac4fa5ae2678d') in 0.043943 seconds 
========================================================================
Received Import Request.
  Time since last request: 0.000265 seconds.
  path: Assets/GAME/Resources/Prefab/Pivote_Unbrick.prefab
  artifactKey: Guid(50c7535320f786d4286d60ca5630d31b) Importer(815301076,1909f56bfc062723c751e8b465ee728b)
Start importing Assets/GAME/Resources/Prefab/Pivote_Unbrick.prefab using Guid(50c7535320f786d4286d60ca5630d31b) Importer(815301076,1909f56bfc062723c751e8b465ee728b)  -> (artifact id: 'e7da4d8217fc28cb2fa9ce92d6d9395b') in 0.011377 seconds 
========================================================================
Received Import Request.
  Time since last request: 0.000274 seconds.
  path: Assets/GAME/Resources/Prefab/Pivot_Push.prefab
  artifactKey: Guid(58bccaa9158f7ae4089c8a8ccd023a65) Importer(815301076,1909f56bfc062723c751e8b465ee728b)
Start importing Assets/GAME/Resources/Prefab/Pivot_Push.prefab using Guid(58bccaa9158f7ae4089c8a8ccd023a65) Importer(815301076,1909f56bfc062723c751e8b465ee728b)  -> (artifact id: '8424fe64c557ab72ac89f60f7d29adea') in 0.049640 seconds 
========================================================================
Received Import Request.
  Time since last request: 0.000233 seconds.
  path: Assets/GAME/Resources/Prefab/Diamond.prefab
  artifactKey: Guid(08903edef1bc6f44d80f73e76f9e0811) Importer(815301076,1909f56bfc062723c751e8b465ee728b)
Start importing Assets/GAME/Resources/Prefab/Diamond.prefab using Guid(08903edef1bc6f44d80f73e76f9e0811) Importer(815301076,1909f56bfc062723c751e8b465ee728b)  -> (artifact id: '830fe1faebee5dacac36ede86a3b30cb') in 0.030375 seconds 
========================================================================
Received Import Request.
  Time since last request: 0.000241 seconds.
  path: Assets/GAME/Resources/Prefab/Push.prefab
  artifactKey: Guid(ffe76fcc801f5c140b17312e673abed7) Importer(815301076,1909f56bfc062723c751e8b465ee728b)
Start importing Assets/GAME/Resources/Prefab/Push.prefab using Guid(ffe76fcc801f5c140b17312e673abed7) Importer(815301076,1909f56bfc062723c751e8b465ee728b)  -> (artifact id: '0d5b24c5d03030166c0821fe44576b5d') in 0.012722 seconds 
========================================================================
Received Import Request.
  Time since last request: 0.000245 seconds.
  path: Assets/GAME/Resources/Prefab/White.prefab
  artifactKey: Guid(d755cee1094bb6a48ab2a168d33fd112) Importer(815301076,1909f56bfc062723c751e8b465ee728b)
Start importing Assets/GAME/Resources/Prefab/White.prefab using Guid(d755cee1094bb6a48ab2a168d33fd112) Importer(815301076,1909f56bfc062723c751e8b465ee728b)  -> (artifact id: '53e6a61b81a5be80cc654eb24ec107a2') in 0.014139 seconds 
========================================================================
Received Import Request.
  Time since last request: 0.000258 seconds.
  path: Assets/GAME/Resources/Prefab/win.prefab
  artifactKey: Guid(ee26d09d0d6a554409b01b1c40753952) Importer(815301076,1909f56bfc062723c751e8b465ee728b)
Start importing Assets/GAME/Resources/Prefab/win.prefab using Guid(ee26d09d0d6a554409b01b1c40753952) Importer(815301076,1909f56bfc062723c751e8b465ee728b)  -> (artifact id: '67a6fac2d00b18d84cc04f69efff6c1b') in 0.015280 seconds 
========================================================================
Received Import Request.
  Time since last request: 0.000155 seconds.
  path: Assets/GAME/Resources/Prefab/Yellow.prefab
  artifactKey: Guid(d04d393ce76715f498cdd8615b8940a4) Importer(815301076,1909f56bfc062723c751e8b465ee728b)
Start importing Assets/GAME/Resources/Prefab/Yellow.prefab using Guid(d04d393ce76715f498cdd8615b8940a4) Importer(815301076,1909f56bfc062723c751e8b465ee728b)  -> (artifact id: 'ba46049e1b24bc335ea590e9675d1178') in 0.013188 seconds 
========================================================================
Received Import Request.
  Time since last request: 0.000163 seconds.
  path: Assets/GAME/Resources/Prefab/Pivote_Brick.prefab
  artifactKey: Guid(f206ccc114e101b4dafffd4915d4a812) Importer(815301076,1909f56bfc062723c751e8b465ee728b)
Start importing Assets/GAME/Resources/Prefab/Pivote_Brick.prefab using Guid(f206ccc114e101b4dafffd4915d4a812) Importer(815301076,1909f56bfc062723c751e8b465ee728b)  -> (artifact id: 'b73ebc6e9fd6aaf557cd913f5dc112f0') in 0.014993 seconds 
========================================================================
Received Import Request.
  Time since last request: 0.000133 seconds.
  path: Assets/GAME/Resources/Prefab/Line.prefab
  artifactKey: Guid(2b1b6fa84e1873741b6c2efda43c58ef) Importer(815301076,1909f56bfc062723c751e8b465ee728b)
Start importing Assets/GAME/Resources/Prefab/Line.prefab using Guid(2b1b6fa84e1873741b6c2efda43c58ef) Importer(815301076,1909f56bfc062723c751e8b465ee728b)  -> (artifact id: '0b9c40bf04b1570256e44c6d046fac5b') in 0.013664 seconds 
========================================================================
Received Import Request.
  Time since last request: 0.000129 seconds.
  path: Assets/GAME/Resources/Prefab/Light VFX.prefab
  artifactKey: Guid(c9a44e75dfe564e468f247ea3c99ee57) Importer(815301076,1909f56bfc062723c751e8b465ee728b)
Start importing Assets/GAME/Resources/Prefab/Light VFX.prefab using Guid(c9a44e75dfe564e468f247ea3c99ee57) Importer(815301076,1909f56bfc062723c751e8b465ee728b)  -> (artifact id: 'da555785a03b2587ecd3239414c4aed7') in 0.063455 seconds 
========================================================================
Received Import Request.
  Time since last request: 0.000171 seconds.
  path: Assets/GAME/Resources/Prefab/Caro.prefab
  artifactKey: Guid(295db39e1f72aa54580c0b7e0b02aadd) Importer(815301076,1909f56bfc062723c751e8b465ee728b)
Start importing Assets/GAME/Resources/Prefab/Caro.prefab using Guid(295db39e1f72aa54580c0b7e0b02aadd) Importer(815301076,1909f56bfc062723c751e8b465ee728b)  -> (artifact id: '8da7207943bf6084467885cb5f2fb419') in 0.013789 seconds 
========================================================================
Received Import Request.
  Time since last request: 0.000136 seconds.
  path: Assets/GAME/Resources/Prefab/Pivote_Wall.prefab
  artifactKey: Guid(680fafd85c16f024192891099b1460ee) Importer(815301076,1909f56bfc062723c751e8b465ee728b)
Start importing Assets/GAME/Resources/Prefab/Pivote_Wall.prefab using Guid(680fafd85c16f024192891099b1460ee) Importer(815301076,1909f56bfc062723c751e8b465ee728b)  -> (artifact id: 'c61717a60d8c1a14d7778481645c0fb4') in 0.014574 seconds 
========================================================================
Received Import Request.
  Time since last request: 0.000167 seconds.
  path: Assets/GAME/Resources/Prefab/Star.prefab
  artifactKey: Guid(76a14f28daaf9e149b93ac156094c7ef) Importer(815301076,1909f56bfc062723c751e8b465ee728b)
Start importing Assets/GAME/Resources/Prefab/Star.prefab using Guid(76a14f28daaf9e149b93ac156094c7ef) Importer(815301076,1909f56bfc062723c751e8b465ee728b)  -> (artifact id: '063f789207475767d4584a1f04eb86cc') in 0.015626 seconds 
========================================================================
Received Import Request.
  Time since last request: 0.000180 seconds.
  path: Assets/GAME/Resources/Prefab/Chests_Open.prefab
  artifactKey: Guid(34c349b1bc8f37e4da2db0df8818b8db) Importer(815301076,1909f56bfc062723c751e8b465ee728b)
Start importing Assets/GAME/Resources/Prefab/Chests_Open.prefab using Guid(34c349b1bc8f37e4da2db0df8818b8db) Importer(815301076,1909f56bfc062723c751e8b465ee728b)  -> (artifact id: '0edac13ad791f7ef42c5e920b88cf4f3') in 0.017813 seconds 
========================================================================
Received Import Request.
  Time since last request: 0.000212 seconds.
  path: Assets/GAME/Resources/Prefab/People.prefab
  artifactKey: Guid(c84b41a4245d5c241bc7ff57b0cca3f4) Importer(815301076,1909f56bfc062723c751e8b465ee728b)
Start importing Assets/GAME/Resources/Prefab/People.prefab using Guid(c84b41a4245d5c241bc7ff57b0cca3f4) Importer(815301076,1909f56bfc062723c751e8b465ee728b)  -> (artifact id: '2d0e9c6f8ef29fb8b09934495aa837b4') in 0.173024 seconds 
========================================================================
Received Import Request.
  Time since last request: 0.000264 seconds.
  path: Assets/GAME/Resources/Prefab/Chests_Close.prefab
  artifactKey: Guid(f0caade99d139cd4f9a23b28acf8d833) Importer(815301076,1909f56bfc062723c751e8b465ee728b)
Start importing Assets/GAME/Resources/Prefab/Chests_Close.prefab using Guid(f0caade99d139cd4f9a23b28acf8d833) Importer(815301076,1909f56bfc062723c751e8b465ee728b)  -> (artifact id: 'a952ff041e6e6e6b48f530371de7582b') in 0.019197 seconds 
========================================================================
Received Import Request.
  Time since last request: 0.000243 seconds.
  path: Assets/GAME/Resources/Prefab/winpos.prefab
  artifactKey: Guid(bec8fbf23e70b4f42b574dddd6681a4c) Importer(815301076,1909f56bfc062723c751e8b465ee728b)
Start importing Assets/GAME/Resources/Prefab/winpos.prefab using Guid(bec8fbf23e70b4f42b574dddd6681a4c) Importer(815301076,1909f56bfc062723c751e8b465ee728b)  -> (artifact id: '576eec68ea7f739c4089376b834514f0') in 0.041551 seconds 
========================================================================
Received Prepare
Registering precompiled user dll's ...
Registered in 0.002344 seconds.
Begin MonoManager ReloadAssembly
Native extension for WindowsStandalone target not found
Refreshing native plugins compatible for Editor in 0.34 ms, found 2 plugins.
Preloading 0 native plugins for Editor in 0.00 ms.
Mono: successfully reloaded assembly
- Completed reload, in  0.937 seconds
Domain Reload Profiling:
	ReloadAssembly (938ms)
		BeginReloadAssembly (118ms)
			ExecutionOrderSort (0ms)
			DisableScriptedObjects (4ms)
			BackupInstance (0ms)
			ReleaseScriptingObjects (0ms)
			CreateAndSetChildDomain (35ms)
		EndReloadAssembly (762ms)
			LoadAssemblies (89ms)
			RebuildTransferFunctionScriptingTraits (0ms)
			SetupTypeCache (267ms)
			ReleaseScriptCaches (1ms)
			RebuildScriptCaches (37ms)
			SetupLoadedEditorAssemblies (289ms)
				LogAssemblyErrors (0ms)
				InitializePlatformSupportModulesInManaged (4ms)
				SetLoadedEditorAssemblies (0ms)
				RefreshPlugins (0ms)
				BeforeProcessingInitializeOnLoad (67ms)
				ProcessInitializeOnLoadAttributes (197ms)
				ProcessInitializeOnLoadMethodAttributes (18ms)
				AfterProcessingInitializeOnLoad (3ms)
				EditorAssembliesLoaded (0ms)
			ExecutionOrderSort2 (0ms)
			AwakeInstancesAfterBackupRestoration (2ms)
Platform modules already initialized, skipping
Refreshing native plugins compatible for Editor in 0.56 ms, found 2 plugins.
Preloading 0 native plugins for Editor in 0.00 ms.
Unloading 1483 Unused Serialized files (Serialized files now loaded: 0)
System memory in use before: 86.9 MB.
System memory in use after: 86.9 MB.

Unloading 14 unused Assets to reduce memory usage. Loaded Objects now: 2000.
Total: 3.292500 ms (FindLiveObjects: 0.221800 ms CreateObjectMapping: 0.061300 ms MarkObjects: 2.927300 ms  DeleteObjects: 0.081200 ms)

AssetImportParameters requested are different than current active one (requested -> active):
  custom:framework-win-MediaFoundation: 216162199b28c13a410421893ffa2e32 -> 
  custom:video-decoder-ogg-theora: a1e56fd34408186e4bbccfd4996cb3dc -> 
  custom:container-muxer-webm: aa71ff27fc2769a1b78a27578f13a17b -> 
  custom:container-demuxer-webm: 4f35f7cbe854078d1ac9338744f61a02 -> 
  custom:container-demuxer-ogg: 62fdf1f143b41e24485cea50d1cbac27 -> 
  custom:video-encoder-webm-vp8: eb34c28f22e8b96e1ab97ce403110664 -> 
  custom:video-decoder-webm-vp8: 9c59270c3fd7afecdb556c50c9e8de78 -> 
  custom:audio-decoder-ogg-vorbis: bf7c407c2cedff20999df2af8eb42d56 -> 
  custom:audio-encoder-webm-vorbis: bf7c407c2cedff20999df2af8eb42d56 -> 
========================================================================
Received Prepare
Registering precompiled user dll's ...
Registered in 0.001935 seconds.
Begin MonoManager ReloadAssembly
Native extension for WindowsStandalone target not found
Refreshing native plugins compatible for Editor in 0.43 ms, found 2 plugins.
Preloading 0 native plugins for Editor in 0.00 ms.
Mono: successfully reloaded assembly
- Completed reload, in  0.927 seconds
Domain Reload Profiling:
	ReloadAssembly (927ms)
		BeginReloadAssembly (103ms)
			ExecutionOrderSort (0ms)
			DisableScriptedObjects (5ms)
			BackupInstance (0ms)
			ReleaseScriptingObjects (0ms)
			CreateAndSetChildDomain (30ms)
		EndReloadAssembly (768ms)
			LoadAssemblies (87ms)
			RebuildTransferFunctionScriptingTraits (0ms)
			SetupTypeCache (279ms)
			ReleaseScriptCaches (1ms)
			RebuildScriptCaches (40ms)
			SetupLoadedEditorAssemblies (278ms)
				LogAssemblyErrors (0ms)
				InitializePlatformSupportModulesInManaged (5ms)
				SetLoadedEditorAssemblies (1ms)
				RefreshPlugins (1ms)
				BeforeProcessingInitializeOnLoad (69ms)
				ProcessInitializeOnLoadAttributes (187ms)
				ProcessInitializeOnLoadMethodAttributes (14ms)
				AfterProcessingInitializeOnLoad (2ms)
				EditorAssembliesLoaded (0ms)
			ExecutionOrderSort2 (0ms)
			AwakeInstancesAfterBackupRestoration (2ms)
Platform modules already initialized, skipping
Refreshing native plugins compatible for Editor in 0.34 ms, found 2 plugins.
Preloading 0 native plugins for Editor in 0.00 ms.
Unloading 1483 Unused Serialized files (Serialized files now loaded: 0)
System memory in use before: 86.9 MB.
System memory in use after: 87.0 MB.

Unloading 12 unused Assets to reduce memory usage. Loaded Objects now: 2003.
Total: 2.783200 ms (FindLiveObjects: 0.122800 ms CreateObjectMapping: 0.045100 ms MarkObjects: 2.555500 ms  DeleteObjects: 0.058800 ms)

AssetImportParameters requested are different than current active one (requested -> active):
  custom:framework-win-MediaFoundation: 216162199b28c13a410421893ffa2e32 -> 
  custom:video-decoder-ogg-theora: a1e56fd34408186e4bbccfd4996cb3dc -> 
  custom:container-muxer-webm: aa71ff27fc2769a1b78a27578f13a17b -> 
  custom:container-demuxer-webm: 4f35f7cbe854078d1ac9338744f61a02 -> 
  custom:container-demuxer-ogg: 62fdf1f143b41e24485cea50d1cbac27 -> 
  custom:video-encoder-webm-vp8: eb34c28f22e8b96e1ab97ce403110664 -> 
  custom:video-decoder-webm-vp8: 9c59270c3fd7afecdb556c50c9e8de78 -> 
  custom:audio-decoder-ogg-vorbis: bf7c407c2cedff20999df2af8eb42d56 -> 
  custom:audio-encoder-webm-vorbis: bf7c407c2cedff20999df2af8eb42d56 -> 
========================================================================
Received Prepare
Registering precompiled user dll's ...
Registered in 0.001940 seconds.
Begin MonoManager ReloadAssembly
Native extension for WindowsStandalone target not found
Refreshing native plugins compatible for Editor in 0.35 ms, found 2 plugins.
Preloading 0 native plugins for Editor in 0.00 ms.
Mono: successfully reloaded assembly
- Completed reload, in  2.621 seconds
Domain Reload Profiling:
	ReloadAssembly (2621ms)
		BeginReloadAssembly (1341ms)
			ExecutionOrderSort (0ms)
			DisableScriptedObjects (5ms)
			BackupInstance (0ms)
			ReleaseScriptingObjects (0ms)
			CreateAndSetChildDomain (30ms)
		EndReloadAssembly (1224ms)
			LoadAssemblies (1627ms)
			RebuildTransferFunctionScriptingTraits (0ms)
			SetupTypeCache (307ms)
			ReleaseScriptCaches (1ms)
			RebuildScriptCaches (39ms)
			SetupLoadedEditorAssemblies (351ms)
				LogAssemblyErrors (0ms)
				InitializePlatformSupportModulesInManaged (5ms)
				SetLoadedEditorAssemblies (1ms)
				RefreshPlugins (0ms)
				BeforeProcessingInitializeOnLoad (71ms)
				ProcessInitializeOnLoadAttributes (222ms)
				ProcessInitializeOnLoadMethodAttributes (49ms)
				AfterProcessingInitializeOnLoad (3ms)
				EditorAssembliesLoaded (0ms)
			ExecutionOrderSort2 (0ms)
			AwakeInstancesAfterBackupRestoration (2ms)
Platform modules already initialized, skipping
Refreshing native plugins compatible for Editor in 0.34 ms, found 2 plugins.
Preloading 0 native plugins for Editor in 0.00 ms.
Unloading 1483 Unused Serialized files (Serialized files now loaded: 0)
System memory in use before: 86.9 MB.
System memory in use after: 87.0 MB.

Unloading 12 unused Assets to reduce memory usage. Loaded Objects now: 2006.
Total: 2.760600 ms (FindLiveObjects: 0.124000 ms CreateObjectMapping: 0.044600 ms MarkObjects: 2.535800 ms  DeleteObjects: 0.055200 ms)

AssetImportParameters requested are different than current active one (requested -> active):
  custom:framework-win-MediaFoundation: 216162199b28c13a410421893ffa2e32 -> 
  custom:video-decoder-ogg-theora: a1e56fd34408186e4bbccfd4996cb3dc -> 
  custom:container-muxer-webm: aa71ff27fc2769a1b78a27578f13a17b -> 
  custom:container-demuxer-webm: 4f35f7cbe854078d1ac9338744f61a02 -> 
  custom:container-demuxer-ogg: 62fdf1f143b41e24485cea50d1cbac27 -> 
  custom:video-encoder-webm-vp8: eb34c28f22e8b96e1ab97ce403110664 -> 
  custom:video-decoder-webm-vp8: 9c59270c3fd7afecdb556c50c9e8de78 -> 
  custom:audio-decoder-ogg-vorbis: bf7c407c2cedff20999df2af8eb42d56 -> 
  custom:audio-encoder-webm-vorbis: bf7c407c2cedff20999df2af8eb42d56 -> 
AssetImportWorkerClient::OnTransportError - code=2 error=End of file
